<?xml version="1.0" encoding="UTF-8" ?>
<testsuites>
  <testsuite errors="44" failures="7" hostname="BLRWKS0111" id="0" name="runATFRegression" package="SuiteRunner" tests="86" time="10712.207" timestamp="2013-06-12T03:13:57">
      <properties>
[...]
</properties>

      <testcase classname="UserManagement.UserRegistration.UserRegistrationTestCasesForActivationCode.UserRegByClickingOnActivationCode.RegisterToXidioApplicationByClickingActivation" name="testRegistrationToXidioApplicationByClickingActivation" time="151.758" />

      <testcase classname="UserManagement.UserRegistration.RegisterToXidioApplicationUsingValidCredentials" name="testUserRegistration" time="135.354" />

      <testcase classname="UserManagement.UserRegistration.UserRegistrationTestCasesForActivationCode.UserRegBySkipingActivationCode.RegisterToXidioApplicationBySkipingPaymentStepAndActivationStep" name="testRegistrationToXidioApplicationBySkipingPaymentStepAndActivationStep" time="103.218" />

      <testcase classname="UserManagement.UserRegistration.UserRegistrationTestCasesForTermsAndCondition.UserRegByDeclineTermAndCondition.RegisterToXidioApplicationWithValidCredentialByDeclineTermAndCondition" name="testRegistrationToXidioApplicationWithValidCredentialByDeclingTermAndCondition" time="207.203">
          <error message="Unable to locate element: {&quot;method&quot;:&quot;id&quot;,&quot;selector&quot;:&quot;terms_conditions_decline&quot;} Command duration or timeout: 30.06 seconds For documentation on this error, please visit: http://seleniumhq.org/exceptions/no_such_element.html Build info: version: &apos;2.32.0&apos;, revision: &apos;6c40c18&apos;, time: &apos;2013-04-09 17:22:56&apos; System info: os.name: &apos;Windows XP&apos;, os.arch: &apos;x86&apos;, os.version: &apos;5.1&apos;, java.version: &apos;1.6.0&apos; Session ID: 4582d277-57a7-4a37-b18e-c06a907ee344 Driver info: org.openqa.selenium.firefox.FirefoxDriver Capabilities [{platform=XP, acceptSslCerts=true, javascriptEnabled=true, browserName=firefox, rotatable=false, locationContextEnabled=true, version=21.0, cssSelectorsEnabled=true, databaseEnabled=true, handlesAlerts=true, browserConnectionEnabled=true, nativeEvents=true, webStorageEnabled=true, applicationCacheEnabled=true, takesScreenshot=true}]" type="org.openqa.selenium.NoSuchElementException">org.openqa.selenium.NoSuchElementException: Unable to locate element: {&quot;method&quot;:&quot;id&quot;,&quot;selector&quot;:&quot;terms_conditions_decline&quot;}
Command duration or timeout: 30.06 seconds
For documentation on this error, please visit: http://seleniumhq.org/exceptions/no_such_element.html
Build info: version: &apos;2.32.0&apos;, revision: &apos;6c40c18&apos;, time: &apos;2013-04-09 17:22:56&apos;
System info: os.name: &apos;Windows XP&apos;, os.arch: &apos;x86&apos;, os.version: &apos;5.1&apos;, java.version: &apos;1.6.0&apos;
Session ID: 4582d277-57a7-4a37-b18e-c06a907ee344
Driver info: org.openqa.selenium.firefox.FirefoxDriver
Capabilities [{platform=XP, acceptSslCerts=true, javascriptEnabled=true, browserName=firefox, rotatable=false, locationContextEnabled=true, version=21.0, cssSelectorsEnabled=true, databaseEnabled=true, handlesAlerts=true, browserConnectionEnabled=true, nativeEvents=true, webStorageEnabled=true, applicationCacheEnabled=true, takesScreenshot=true}]
	at java.lang.reflect.Constructor.newInstance(Constructor.java:513)
	at org.openqa.selenium.remote.ErrorHandler.createThrowable(ErrorHandler.java:187)
	at org.openqa.selenium.remote.ErrorHandler.throwIfResponseFailed(ErrorHandler.java:145)
	at org.openqa.selenium.remote.RemoteWebDriver.execute(RemoteWebDriver.java:554)
	at org.openqa.selenium.remote.RemoteWebDriver.findElement(RemoteWebDriver.java:307)
	at org.openqa.selenium.remote.RemoteWebDriver.findElementById(RemoteWebDriver.java:348)
	at org.openqa.selenium.By$ById.findElement(By.java:216)
	at org.openqa.selenium.remote.RemoteWebDriver.findElement(RemoteWebDriver.java:299)
	at UserManagement.UserRegistration.UserRegistrationTestCasesForTermsAndCondition.UserRegByDeclineTermAndCondition.RegisterToXidioApplicationWithValidCredentialByDeclineTermAndCondition.testRegistrationToXidioApplicationWithValidCredentialByDeclingTermAndCondition(RegisterToXidioApplicationWithValidCredentialByDeclineTermAndCondition.java:29)
Caused by: org.openqa.selenium.remote.ErrorHandler$UnknownServerException: Unable to locate element: {&quot;method&quot;:&quot;id&quot;,&quot;selector&quot;:&quot;terms_conditions_decline&quot;}
Build info: version: &apos;2.32.0&apos;, revision: &apos;6c40c18&apos;, time: &apos;2013-04-09 17:22:56&apos;
System info: os.name: &apos;Windows XP&apos;, os.arch: &apos;x86&apos;, os.version: &apos;5.1&apos;, java.version: &apos;1.6.0&apos;
Driver info: driver.version: unknown
	at &lt;anonymous class&gt;.FirefoxDriver.prototype.findElementInternal_(file:///C:/DOCUME~1/HARSHI~1.GOW/LOCALS~1/Temp/anonymous38471webdriver-profile/extensions/fxdriver@googlecode.com/components/driver_component.js:8405)
	at &lt;anonymous class&gt;.fxdriver.Timer.prototype.setTimeout/&lt;.notify(file:///C:/DOCUME~1/HARSHI~1.GOW/LOCALS~1/Temp/anonymous38471webdriver-profile/extensions/fxdriver@googlecode.com/components/driver_component.js:386)
</error>

      </testcase>

      <testcase classname="UserManagement.UserRegistration.UserRegistrationTestCasesForPaymentDetails.RegisterToXidioApplicationDirectlyWithPaymentDetailsWithoutPersonalInfo" name="testRegisterToXidioApplicationDirectlyWithPaymentDetailsWithoutPersonalInfo" time="82.019" />

      <testcase classname="UserManagement.UserRegistration.UserRegistrationTestCasesForFirstName.UserRegWithNoFirstName.RegisterToXidioApplicationWithoutEnteringFirstName" name="testRegisterToXidioApplicationWithoutFirstName" time="66.677" />

      <testcase classname="UserManagement.UserRegistration.UserRegistrationTestCasesForLastName.UserRegWithNoLastName.RegisterToXidioApplicationWithoutEnteringLastName" name="testRegisterToXidioApplicationWithoutLastName" time="67.099" />

      <testcase classname="UserManagement.UserRegistration.UserRegistrationTestCasesForAddress.UserRegWithNoAddress.RegisterToXidioApplicationWithoutEnteringAddress" name="testRegisterToXidioApplicationWithoutEnteringAddress" time="65.131" />

      <testcase classname="UserManagement.UserRegistration.UserRegistrationTestCasesForCity.UserRegWithNoCity.RegisterToXidioApplicationWithoutEnteringCity" name="testRegisterToXidioApplicationWithoutEnteringCity" time="63.381" />

      <testcase classname="UserManagement.UserRegistration.UserRegistrationTestCasesForZipCode.UserRegWithNoZipCode.RegisterToXidioApplicationWithoutEnteringZip" name="testRegisterToXidioApplicationWithoutEnteringZip" time="64.053" />

      <testcase classname="UserManagement.UserRegistration.UserRegistrationTestCasesForEmail.UserRegWithNoEmailID.RegisterToXidioApplicationWithoutEnteringEmail" name="testRegisterToXidioApplicationWithoutEnteringEmail" time="64.381" />

      <testcase classname="UserManagement.UserRegistration.UserRegistrationTestCasesForEmail.UserRegWithInvalidEmailID.UserRegWithInvalidEmailIDMissingInputs.RegisterToXidioApplicationByEnteringInValidEmail" name="testRegisterToXidioApplicationByEnteringInValidEmail" time="63.662" />

      <testcase classname="UserManagement.UserRegistration.UserRegistrationTestCasesForZipCode.UserRegWithInvalidZipCode.RegisterToXidioApplicationByEnteringInValidZip" name="testRegisterToXidioApplicationWithEnteringInValidZip" time="64.911" />

      <testcase classname="UserManagement.UserRegistration.UserRegistrationTestCasesForZipCode.UserRegWithInvalidZipCodeLength.RegisterToXidioApplicationByEnteringInValidZipLength" name="testRegisterToXidioApplicationWithEnteringInValidZip" time="66.943" />

      <testcase classname="UserManagement.UserRegistration.UserRegistrationTestCasesForMobileNumber.UserRegWithNoMobileNumber.RegisterToXidioApplicationWithoutEnteringMobileNumber" name="testRegisterToXidioApplicationWithoutEnteringMobileNumber" time="60.819" />

      <testcase classname="UserManagement.UserRegistration.UserRegistrationTestCasesForMobileNumber.UserRegWithInvalidMobileNumber.RegisterToXidioApplicationByEnteringInValidMobileNumber" name="testRegisterToXidioApplicationByEnteringInValidMobileNumber" time="63.802" />

      <testcase classname="UserManagement.UserRegistration.UserRegistrationTestCasesForPassword.UserRegWithNoPassword.RegisterToXidioApplicationWithoutEnteringPassword" name="testRegisterToXidioApplicationWithoutEnteringPassword" time="62.428" />

      <testcase classname="UserManagement.UserRegistration.UserRegistrationTestCasesForPassword.UserRegWithNoFirstCapitalLetter.RegisterToXidioApplicationByEnteringNonCapitalLetterPassword" name="testRegisterToXidioApplicationByEnteringInValidPassword" time="63.865" />

      <testcase classname="UserManagement.UserRegistration.UserRegistrationTestCasesForPassword.UserRegWithNonDigitPassword.RegisterToXidioApplicationByEnteringNonDigitPassword" name="testRegisterToXidioApplicationByEnteringInValidPassword" time="64.24" />

      <testcase classname="UserManagement.UserRegistration.UserRegistrationTestCasesForPassword.UserRegWithInvalidPasswordLength.RegisterToXidioApplicationByEnteringInValidLengthOfPassword" name="testRegisterToXidioApplicationByEnteringInValidLengthOfPassword" time="63.412" />

      <testcase classname="UserManagement.UserRegistration.UserRegistrationTestCasesForCreditCardDetails.UserRegWithNoCCNumber.RegisterToXidioApplicationWithNoCreditCardNumber" name="testRegisterToXidioApplicationWithNoCreditCardNumber" time="102.813" />

      <testcase classname="UserManagement.UserRegistration.UserRegistrationTestCasesForCreditCardDetails.UserRegWithInvalidCCNumber.RegisterToXidioApplicationWithInvalidCreditCardNumber" name="testRegisterToXidioApplicationWithInvalidCreditCardNumber" time="70.255" />

      <testcase classname="UserManagement.UserRegistration.UserRegistrationTestCasesForCreditCardDetails.UserRegWithInvalidSecurityCode.UserRegWithInvalidSecurityCodeLength.RegisterToXidioApplicationWithInvalidSecurityCodeLength" name="testRegisterToXidioApplicationWithInvalidSecurityCodeLength" time="103.813">
          <failure type="junit.framework.AssertionFailedError">junit.framework.AssertionFailedError
	at UserManagement.UserRegistration.UserRegistrationTestCasesForCreditCardDetails.UserRegWithInvalidSecurityCode.UserRegWithInvalidSecurityCodeLength.RegisterToXidioApplicationWithInvalidSecurityCodeLength.testRegisterToXidioApplicationWithInvalidSecurityCodeLength(RegisterToXidioApplicationWithInvalidSecurityCodeLength.java:46)
</failure>

      </testcase>

      <testcase classname="UserManagement.UserRegistration.UserRegistrationTestCasesForCreditCardDetails.UserRegWithNoSecurityCode.RegisterToXidioApplicationWithNoSecurityCode" name="testRegisterToXidioApplicationWithInvalidSecurityCodeLength" time="103.75">
          <failure type="junit.framework.AssertionFailedError">junit.framework.AssertionFailedError
	at UserManagement.UserRegistration.UserRegistrationTestCasesForCreditCardDetails.UserRegWithNoSecurityCode.RegisterToXidioApplicationWithNoSecurityCode.testRegisterToXidioApplicationWithInvalidSecurityCodeLength(RegisterToXidioApplicationWithNoSecurityCode.java:37)
</failure>

      </testcase>

      <testcase classname="UserManagement.UserRegistration.UserRegistrationTestCasesForCreditCardDetails.UserRegWithNoPINCode.RegisterToXidioApplicationWithNoPinCode" name="testRegisterToXidioApplicationWithNoCreditCardNumber" time="92.892" />

      <testcase classname="UserManagement.UserRegistration.UserRegistrationTestCasesForCreditCardDetails.UserRegWithInvalidPin.UserRegWithInvalidPinCodeCharLength.RegisterToXidioApplicationWithInvalidPinCodeCharLength" name="testRegisterToXidioApplicationWithInvalidSecurityCodeLength" time="102.141">
          <failure type="junit.framework.AssertionFailedError">junit.framework.AssertionFailedError
	at UserManagement.UserRegistration.UserRegistrationTestCasesForCreditCardDetails.UserRegWithInvalidPin.UserRegWithInvalidPinCodeCharLength.RegisterToXidioApplicationWithInvalidPinCodeCharLength.testRegisterToXidioApplicationWithInvalidSecurityCodeLength(RegisterToXidioApplicationWithInvalidPinCodeCharLength.java:38)
</failure>

      </testcase>

      <testcase classname="UserManagement.UserRegistration.UserRegistrationTestCasesForCreditCardDetails.UserRegToCheckDiplayPinCheckboxWorks.RegisterToXidioApplicationWithCheckingDiplayPinCheckbox" name="testRegisterToXidioApplicationWithInvalidSecurityCodeLength" time="116.279">
          <error message="Element is not currently visible and so may not be interacted with Command duration or timeout: 30.11 seconds Build info: version: &apos;2.32.0&apos;, revision: &apos;6c40c18&apos;, time: &apos;2013-04-09 17:22:56&apos; System info: os.name: &apos;Windows XP&apos;, os.arch: &apos;x86&apos;, os.version: &apos;5.1&apos;, java.version: &apos;1.6.0&apos; Session ID: 8003de01-eee9-4b8d-8a1e-26872bd4abf9 Driver info: org.openqa.selenium.firefox.FirefoxDriver Capabilities [{platform=XP, acceptSslCerts=true, javascriptEnabled=true, browserName=firefox, rotatable=false, locationContextEnabled=true, version=21.0, cssSelectorsEnabled=true, databaseEnabled=true, handlesAlerts=true, browserConnectionEnabled=true, nativeEvents=true, webStorageEnabled=true, applicationCacheEnabled=true, takesScreenshot=true}]" type="org.openqa.selenium.ElementNotVisibleException">org.openqa.selenium.ElementNotVisibleException: Element is not currently visible and so may not be interacted with
Command duration or timeout: 30.11 seconds
Build info: version: &apos;2.32.0&apos;, revision: &apos;6c40c18&apos;, time: &apos;2013-04-09 17:22:56&apos;
System info: os.name: &apos;Windows XP&apos;, os.arch: &apos;x86&apos;, os.version: &apos;5.1&apos;, java.version: &apos;1.6.0&apos;
Session ID: 8003de01-eee9-4b8d-8a1e-26872bd4abf9
Driver info: org.openqa.selenium.firefox.FirefoxDriver
Capabilities [{platform=XP, acceptSslCerts=true, javascriptEnabled=true, browserName=firefox, rotatable=false, locationContextEnabled=true, version=21.0, cssSelectorsEnabled=true, databaseEnabled=true, handlesAlerts=true, browserConnectionEnabled=true, nativeEvents=true, webStorageEnabled=true, applicationCacheEnabled=true, takesScreenshot=true}]
	at java.lang.reflect.Constructor.newInstance(Constructor.java:513)
	at org.openqa.selenium.remote.ErrorHandler.createThrowable(ErrorHandler.java:187)
	at org.openqa.selenium.remote.ErrorHandler.throwIfResponseFailed(ErrorHandler.java:145)
	at org.openqa.selenium.remote.RemoteWebDriver.execute(RemoteWebDriver.java:554)
	at org.openqa.selenium.remote.RemoteWebElement.execute(RemoteWebElement.java:268)
	at org.openqa.selenium.remote.RemoteWebElement.click(RemoteWebElement.java:79)
	at UserManagement.UserRegistration.UserRegistrationTestCasesForCreditCardDetails.UserRegToCheckDiplayPinCheckboxWorks.RegisterToXidioApplicationWithCheckingDiplayPinCheckbox.testRegisterToXidioApplicationWithInvalidSecurityCodeLength(RegisterToXidioApplicationWithCheckingDiplayPinCheckbox.java:33)
Caused by: org.openqa.selenium.remote.ErrorHandler$UnknownServerException: Element is not currently visible and so may not be interacted with
Build info: version: &apos;2.32.0&apos;, revision: &apos;6c40c18&apos;, time: &apos;2013-04-09 17:22:56&apos;
System info: os.name: &apos;Windows XP&apos;, os.arch: &apos;x86&apos;, os.version: &apos;5.1&apos;, java.version: &apos;1.6.0&apos;
Driver info: driver.version: unknown
	at &lt;anonymous class&gt;.fxdriver.preconditions.visible(file:///C:/DOCUME~1/HARSHI~1.GOW/LOCALS~1/Temp/anonymous38517webdriver-profile/extensions/fxdriver@googlecode.com/components/command_processor.js:7682)
	at &lt;anonymous class&gt;.DelayedCommand.prototype.checkPreconditions_(file:///C:/DOCUME~1/HARSHI~1.GOW/LOCALS~1/Temp/anonymous38517webdriver-profile/extensions/fxdriver@googlecode.com/components/command_processor.js:10402)
	at &lt;anonymous class&gt;.DelayedCommand.prototype.executeInternal_/h(file:///C:/DOCUME~1/HARSHI~1.GOW/LOCALS~1/Temp/anonymous38517webdriver-profile/extensions/fxdriver@googlecode.com/components/command_processor.js:10421)
	at &lt;anonymous class&gt;.fxdriver.Timer.prototype.setTimeout/&lt;.notify(file:///C:/DOCUME~1/HARSHI~1.GOW/LOCALS~1/Temp/anonymous38517webdriver-profile/extensions/fxdriver@googlecode.com/components/command_processor.js:386)
</error>

      </testcase>

      <testcase classname="UserManagement.UserRegistration.UserRegistrationTestCasesForCreditCardDetails.UserRegToCheckDiplayPasswordCheckboxWorks.RegisterToXidioApplicationWithCheckingDiplayPasswordCheckbox" name="testRegisterToXidioApplicationWithInvalidSecurityCodeLength" time="97.985" />

      <testcase classname="UserManagement.UserRegistration.UserRegistrationTestCasesForActivationCode.UserRegWithoutActivationCode.RegisterUserWithoutActivationCode" name="testChangeActivationCode" time="139.181" />

      <testcase classname="UserManagement.UserLogin.ValidateSignOutWorks.CheckSignOutFeatureWorksFine" name="testSignOutFeatureInCamcast" time="155.007">
          <failure type="junit.framework.AssertionFailedError">junit.framework.AssertionFailedError
	at UserManagement.UserLogin.ValidateSignOutWorks.CheckSignOutFeatureWorksFine.testSignOutFeatureInCamcast(CheckSignOutFeatureWorksFine.java:26)
</failure>

          <error message="Timeout waiting for process to die" type="org.openqa.selenium.os.ProcessUtils$ProcessStillAliveException">org.openqa.selenium.os.ProcessUtils$ProcessStillAliveException: Timeout waiting for process to die
	at org.openqa.selenium.os.ProcessUtils.waitForProcessDeath(ProcessUtils.java:60)
	at org.openqa.selenium.os.ProcessUtils.killProcess(ProcessUtils.java:89)
	at org.openqa.selenium.os.UnixProcess$SeleniumWatchDog.destroyHarder(UnixProcess.java:222)
	at org.openqa.selenium.os.UnixProcess$SeleniumWatchDog.access$2(UnixProcess.java:219)
	at org.openqa.selenium.os.UnixProcess.destroy(UnixProcess.java:120)
	at org.openqa.selenium.os.CommandLine.destroy(CommandLine.java:145)
	at org.openqa.selenium.firefox.FirefoxBinary.quit(FirefoxBinary.java:253)
	at org.openqa.selenium.firefox.internal.NewProfileExtensionConnection.quit(NewProfileExtensionConnection.java:167)
	at org.openqa.selenium.firefox.FirefoxDriver$LazyCommandExecutor.quit(FirefoxDriver.java:339)
	at org.openqa.selenium.firefox.FirefoxDriver.stopClient(FirefoxDriver.java:285)
	at org.openqa.selenium.remote.RemoteWebDriver.quit(RemoteWebDriver.java:426)
	at ConfigServices.Utils.BaseTest.tearDown(BaseTest.java:60)
Caused by: java.lang.InterruptedException
	at java.lang.ProcessImpl.waitFor(Native Method)
	at org.openqa.selenium.os.ProcessUtils$ProcessWaiter.run(ProcessUtils.java:126)
	at java.lang.Thread.run(Thread.java:619)
</error>

      </testcase>

      <testcase classname="DiagnoseServices.ValidateComcastWebApplicationAccessiblity.ValidateComcastAppAccessibility.LoginToXidioApplicationWithValidCredentials" name="testLoginToCamcast" time="146.398">
          <failure type="junit.framework.AssertionFailedError">junit.framework.AssertionFailedError
	at DiagnoseServices.ValidateComcastWebApplicationAccessiblity.ValidateComcastAppAccessibility.LoginToXidioApplicationWithValidCredentials.testLoginToCamcast(LoginToXidioApplicationWithValidCredentials.java:31)
</failure>

          <failure type="junit.framework.AssertionFailedError">junit.framework.AssertionFailedError
	at DiagnoseServices.ValidateComcastWebApplicationAccessiblity.ValidateComcastAppAccessibility.LoginToXidioApplicationWithValidCredentials.testLoginToCamcast(LoginToXidioApplicationWithValidCredentials.java:31)
</failure>

      </testcase>

      <testcase classname="UserManagement.UserLogin.ValidateUserLoginUsingInValidCredentials.LoginToXidioApplicationUsingInValidPassword" name="testLoginToXidioApplicationUsingInValidPassword" time="30.745" />

      <testcase classname="UserManagement.UserLogin.ValidateUserLoginUsingInValidCredentials.LoginToXidioApplicationUsingInValidPassword" name="testLoginToXidioApplicationUsingInValidPassword" time="28.558" />

      <testcase classname="UserManagement.ProfileManagement.RegisteredUserTestCasesForChangePassword.ResetUserPassword.ResetTheXidioPassword" name="testResetTheXidioPassword" time="44.618" />

      <testcase classname="UserManagement.ProfileManagement.RegisteredUserTestCasesForChangePassword.ResetUserPasswordWithNoEmail.ResetXidioPasswordWithoutProvidingEmailID" name="testResetXidioPasswordWithoutProvidingEmailID" time="44.493" />

      <testcase classname="UserManagement.ProfileManagement.RegisteredUserTestCasesForChangePassword.ResetUserPasswordWithInvalidEmail.ResetTheXidioPasswordWithWrongEmail" name="testResetTheXidioPasswordWithWrongEmail" time="45.977" />

      <testcase classname="UserManagement.ProfileManagement.RegisteredUserTestCasesForEditProfileDetails.ValidateAddressField.EditXidioAddressInProfileManagement" name="testEditXidioAddressInProfileManagement" time="180.925">
          <error message="Unable to locate element: {&quot;method&quot;:&quot;name&quot;,&quot;selector&quot;:&quot;user[address]&quot;} Command duration or timeout: 37.00 seconds For documentation on this error, please visit: http://seleniumhq.org/exceptions/no_such_element.html Build info: version: &apos;2.32.0&apos;, revision: &apos;6c40c18&apos;, time: &apos;2013-04-09 17:22:56&apos; System info: os.name: &apos;Windows XP&apos;, os.arch: &apos;x86&apos;, os.version: &apos;5.1&apos;, java.version: &apos;1.6.0&apos; Session ID: c2b821e3-21d2-49ae-8969-7d8e5101473b Driver info: org.openqa.selenium.firefox.FirefoxDriver Capabilities [{platform=XP, acceptSslCerts=true, javascriptEnabled=true, browserName=firefox, rotatable=false, locationContextEnabled=true, version=21.0, cssSelectorsEnabled=true, databaseEnabled=true, handlesAlerts=true, browserConnectionEnabled=true, nativeEvents=true, webStorageEnabled=true, applicationCacheEnabled=true, takesScreenshot=true}]" type="org.openqa.selenium.NoSuchElementException">org.openqa.selenium.NoSuchElementException: Unable to locate element: {&quot;method&quot;:&quot;name&quot;,&quot;selector&quot;:&quot;user[address]&quot;}
Command duration or timeout: 37.00 seconds
For documentation on this error, please visit: http://seleniumhq.org/exceptions/no_such_element.html
Build info: version: &apos;2.32.0&apos;, revision: &apos;6c40c18&apos;, time: &apos;2013-04-09 17:22:56&apos;
System info: os.name: &apos;Windows XP&apos;, os.arch: &apos;x86&apos;, os.version: &apos;5.1&apos;, java.version: &apos;1.6.0&apos;
Session ID: c2b821e3-21d2-49ae-8969-7d8e5101473b
Driver info: org.openqa.selenium.firefox.FirefoxDriver
Capabilities [{platform=XP, acceptSslCerts=true, javascriptEnabled=true, browserName=firefox, rotatable=false, locationContextEnabled=true, version=21.0, cssSelectorsEnabled=true, databaseEnabled=true, handlesAlerts=true, browserConnectionEnabled=true, nativeEvents=true, webStorageEnabled=true, applicationCacheEnabled=true, takesScreenshot=true}]
	at java.lang.reflect.Constructor.newInstance(Constructor.java:513)
	at org.openqa.selenium.remote.ErrorHandler.createThrowable(ErrorHandler.java:187)
	at org.openqa.selenium.remote.ErrorHandler.throwIfResponseFailed(ErrorHandler.java:145)
	at org.openqa.selenium.remote.RemoteWebDriver.execute(RemoteWebDriver.java:554)
	at org.openqa.selenium.remote.RemoteWebDriver.findElement(RemoteWebDriver.java:307)
	at org.openqa.selenium.remote.RemoteWebDriver.findElementByName(RemoteWebDriver.java:380)
	at org.openqa.selenium.By$ByName.findElement(By.java:292)
	at org.openqa.selenium.remote.RemoteWebDriver.findElement(RemoteWebDriver.java:299)
	at UserManagement.ProfileManagement.RegisteredUserTestCasesForEditProfileDetails.ValidateAddressField.EditXidioAddressInProfileManagement.testEditXidioAddressInProfileManagement(EditXidioAddressInProfileManagement.java:29)
Caused by: org.openqa.selenium.remote.ErrorHandler$UnknownServerException: Unable to locate element: {&quot;method&quot;:&quot;name&quot;,&quot;selector&quot;:&quot;user[address]&quot;}
Build info: version: &apos;2.32.0&apos;, revision: &apos;6c40c18&apos;, time: &apos;2013-04-09 17:22:56&apos;
System info: os.name: &apos;Windows XP&apos;, os.arch: &apos;x86&apos;, os.version: &apos;5.1&apos;, java.version: &apos;1.6.0&apos;
Driver info: driver.version: unknown
	at &lt;anonymous class&gt;.FirefoxDriver.prototype.findElementInternal_(file:///C:/DOCUME~1/HARSHI~1.GOW/LOCALS~1/Temp/anonymous38537webdriver-profile/extensions/fxdriver@googlecode.com/components/driver_component.js:8405)
	at &lt;anonymous class&gt;.fxdriver.Timer.prototype.setTimeout/&lt;.notify(file:///C:/DOCUME~1/HARSHI~1.GOW/LOCALS~1/Temp/anonymous38537webdriver-profile/extensions/fxdriver@googlecode.com/components/driver_component.js:386)
</error>

          <error message="Unable to locate element: {&quot;method&quot;:&quot;name&quot;,&quot;selector&quot;:&quot;user[address]&quot;} Command duration or timeout: 37.07 seconds For documentation on this error, please visit: http://seleniumhq.org/exceptions/no_such_element.html Build info: version: &apos;2.32.0&apos;, revision: &apos;6c40c18&apos;, time: &apos;2013-04-09 17:22:56&apos; System info: os.name: &apos;Windows XP&apos;, os.arch: &apos;x86&apos;, os.version: &apos;5.1&apos;, java.version: &apos;1.6.0&apos; Session ID: ba786991-2e6d-4d94-8c00-0d9f38f9e859 Driver info: org.openqa.selenium.firefox.FirefoxDriver Capabilities [{platform=XP, acceptSslCerts=true, javascriptEnabled=true, browserName=firefox, rotatable=false, locationContextEnabled=true, version=21.0, cssSelectorsEnabled=true, databaseEnabled=true, handlesAlerts=true, browserConnectionEnabled=true, nativeEvents=true, webStorageEnabled=true, applicationCacheEnabled=true, takesScreenshot=true}]" type="org.openqa.selenium.NoSuchElementException">org.openqa.selenium.NoSuchElementException: Unable to locate element: {&quot;method&quot;:&quot;name&quot;,&quot;selector&quot;:&quot;user[address]&quot;}
Command duration or timeout: 37.07 seconds
For documentation on this error, please visit: http://seleniumhq.org/exceptions/no_such_element.html
Build info: version: &apos;2.32.0&apos;, revision: &apos;6c40c18&apos;, time: &apos;2013-04-09 17:22:56&apos;
System info: os.name: &apos;Windows XP&apos;, os.arch: &apos;x86&apos;, os.version: &apos;5.1&apos;, java.version: &apos;1.6.0&apos;
Session ID: ba786991-2e6d-4d94-8c00-0d9f38f9e859
Driver info: org.openqa.selenium.firefox.FirefoxDriver
Capabilities [{platform=XP, acceptSslCerts=true, javascriptEnabled=true, browserName=firefox, rotatable=false, locationContextEnabled=true, version=21.0, cssSelectorsEnabled=true, databaseEnabled=true, handlesAlerts=true, browserConnectionEnabled=true, nativeEvents=true, webStorageEnabled=true, applicationCacheEnabled=true, takesScreenshot=true}]
	at java.lang.reflect.Constructor.newInstance(Constructor.java:513)
	at org.openqa.selenium.remote.ErrorHandler.createThrowable(ErrorHandler.java:187)
	at org.openqa.selenium.remote.ErrorHandler.throwIfResponseFailed(ErrorHandler.java:145)
	at org.openqa.selenium.remote.RemoteWebDriver.execute(RemoteWebDriver.java:554)
	at org.openqa.selenium.remote.RemoteWebDriver.findElement(RemoteWebDriver.java:307)
	at org.openqa.selenium.remote.RemoteWebDriver.findElementByName(RemoteWebDriver.java:380)
	at org.openqa.selenium.By$ByName.findElement(By.java:292)
	at org.openqa.selenium.remote.RemoteWebDriver.findElement(RemoteWebDriver.java:299)
	at UserManagement.ProfileManagement.RegisteredUserTestCasesForEditProfileDetails.ValidateAddressField.EditXidioAddressInProfileManagement.testEditXidioAddressInProfileManagement(EditXidioAddressInProfileManagement.java:29)
Caused by: org.openqa.selenium.remote.ErrorHandler$UnknownServerException: Unable to locate element: {&quot;method&quot;:&quot;name&quot;,&quot;selector&quot;:&quot;user[address]&quot;}
Build info: version: &apos;2.32.0&apos;, revision: &apos;6c40c18&apos;, time: &apos;2013-04-09 17:22:56&apos;
System info: os.name: &apos;Windows XP&apos;, os.arch: &apos;x86&apos;, os.version: &apos;5.1&apos;, java.version: &apos;1.6.0&apos;
Driver info: driver.version: unknown
	at &lt;anonymous class&gt;.FirefoxDriver.prototype.findElementInternal_(file:///C:/DOCUME~1/HARSHI~1.GOW/LOCALS~1/Temp/anonymous38541webdriver-profile/extensions/fxdriver@googlecode.com/components/driver_component.js:8405)
	at &lt;anonymous class&gt;.fxdriver.Timer.prototype.setTimeout/&lt;.notify(file:///C:/DOCUME~1/HARSHI~1.GOW/LOCALS~1/Temp/anonymous38541webdriver-profile/extensions/fxdriver@googlecode.com/components/driver_component.js:386)
</error>

      </testcase>

      <testcase classname="UserManagement.ProfileManagement.RegisteredUserTestCasesForEditProfileDetails.ValidateLastNameField.EditXidioLastNameInProfileManagement" name="testEditXidioLastNameInProfileManagement" time="163.303">
          <error message="Unable to locate element: {&quot;method&quot;:&quot;name&quot;,&quot;selector&quot;:&quot;old_password&quot;} Command duration or timeout: 30.12 seconds For documentation on this error, please visit: http://seleniumhq.org/exceptions/no_such_element.html Build info: version: &apos;2.32.0&apos;, revision: &apos;6c40c18&apos;, time: &apos;2013-04-09 17:22:56&apos; System info: os.name: &apos;Windows XP&apos;, os.arch: &apos;x86&apos;, os.version: &apos;5.1&apos;, java.version: &apos;1.6.0&apos; Session ID: 04898603-2386-463c-a681-a13e9210bb57 Driver info: org.openqa.selenium.firefox.FirefoxDriver Capabilities [{platform=XP, acceptSslCerts=true, javascriptEnabled=true, browserName=firefox, rotatable=false, locationContextEnabled=true, version=21.0, cssSelectorsEnabled=true, databaseEnabled=true, handlesAlerts=true, browserConnectionEnabled=true, nativeEvents=true, webStorageEnabled=true, applicationCacheEnabled=true, takesScreenshot=true}]" type="org.openqa.selenium.NoSuchElementException">org.openqa.selenium.NoSuchElementException: Unable to locate element: {&quot;method&quot;:&quot;name&quot;,&quot;selector&quot;:&quot;old_password&quot;}
Command duration or timeout: 30.12 seconds
For documentation on this error, please visit: http://seleniumhq.org/exceptions/no_such_element.html
Build info: version: &apos;2.32.0&apos;, revision: &apos;6c40c18&apos;, time: &apos;2013-04-09 17:22:56&apos;
System info: os.name: &apos;Windows XP&apos;, os.arch: &apos;x86&apos;, os.version: &apos;5.1&apos;, java.version: &apos;1.6.0&apos;
Session ID: 04898603-2386-463c-a681-a13e9210bb57
Driver info: org.openqa.selenium.firefox.FirefoxDriver
Capabilities [{platform=XP, acceptSslCerts=true, javascriptEnabled=true, browserName=firefox, rotatable=false, locationContextEnabled=true, version=21.0, cssSelectorsEnabled=true, databaseEnabled=true, handlesAlerts=true, browserConnectionEnabled=true, nativeEvents=true, webStorageEnabled=true, applicationCacheEnabled=true, takesScreenshot=true}]
	at java.lang.reflect.Constructor.newInstance(Constructor.java:513)
	at org.openqa.selenium.remote.ErrorHandler.createThrowable(ErrorHandler.java:187)
	at org.openqa.selenium.remote.ErrorHandler.throwIfResponseFailed(ErrorHandler.java:145)
	at org.openqa.selenium.remote.RemoteWebDriver.execute(RemoteWebDriver.java:554)
	at org.openqa.selenium.remote.RemoteWebDriver.findElement(RemoteWebDriver.java:307)
	at org.openqa.selenium.remote.RemoteWebDriver.findElementByName(RemoteWebDriver.java:380)
	at org.openqa.selenium.By$ByName.findElement(By.java:292)
	at org.openqa.selenium.remote.RemoteWebDriver.findElement(RemoteWebDriver.java:299)
	at Core.UserManagement.UserLoginFunctions.UserLoginFunctions.ChangePassword(UserLoginFunctions.java:24)
	at UserManagement.ProfileManagement.RegisteredUserTestCasesForEditProfileDetails.ValidateLastNameField.EditXidioLastNameInProfileManagement.testEditXidioLastNameInProfileManagement(EditXidioLastNameInProfileManagement.java:27)
Caused by: org.openqa.selenium.remote.ErrorHandler$UnknownServerException: Unable to locate element: {&quot;method&quot;:&quot;name&quot;,&quot;selector&quot;:&quot;old_password&quot;}
Build info: version: &apos;2.32.0&apos;, revision: &apos;6c40c18&apos;, time: &apos;2013-04-09 17:22:56&apos;
System info: os.name: &apos;Windows XP&apos;, os.arch: &apos;x86&apos;, os.version: &apos;5.1&apos;, java.version: &apos;1.6.0&apos;
Driver info: driver.version: unknown
	at &lt;anonymous class&gt;.FirefoxDriver.prototype.findElementInternal_(file:///C:/DOCUME~1/HARSHI~1.GOW/LOCALS~1/Temp/anonymous38539webdriver-profile/extensions/fxdriver@googlecode.com/components/driver_component.js:8405)
	at &lt;anonymous class&gt;.fxdriver.Timer.prototype.setTimeout/&lt;.notify(file:///C:/DOCUME~1/HARSHI~1.GOW/LOCALS~1/Temp/anonymous38539webdriver-profile/extensions/fxdriver@googlecode.com/components/driver_component.js:386)
</error>

      </testcase>

      <testcase classname="UserManagement.ProfileManagement.RegisteredUserTestCasesForEditProfileDetails.ValidateCityField.EditXidioCityInProfileManagement" name="testEditXidioCityInProfileManagement" time="183.753">
          <error message="Unable to locate element: {&quot;method&quot;:&quot;name&quot;,&quot;selector&quot;:&quot;user[city]&quot;} Command duration or timeout: 37.53 seconds For documentation on this error, please visit: http://seleniumhq.org/exceptions/no_such_element.html Build info: version: &apos;2.32.0&apos;, revision: &apos;6c40c18&apos;, time: &apos;2013-04-09 17:22:56&apos; System info: os.name: &apos;Windows XP&apos;, os.arch: &apos;x86&apos;, os.version: &apos;5.1&apos;, java.version: &apos;1.6.0&apos; Session ID: 1531d91d-0706-4c79-99a3-408962ae82a7 Driver info: org.openqa.selenium.firefox.FirefoxDriver Capabilities [{platform=XP, acceptSslCerts=true, javascriptEnabled=true, browserName=firefox, rotatable=false, locationContextEnabled=true, version=21.0, cssSelectorsEnabled=true, databaseEnabled=true, handlesAlerts=true, browserConnectionEnabled=true, nativeEvents=true, webStorageEnabled=true, applicationCacheEnabled=true, takesScreenshot=true}]" type="org.openqa.selenium.NoSuchElementException">org.openqa.selenium.NoSuchElementException: Unable to locate element: {&quot;method&quot;:&quot;name&quot;,&quot;selector&quot;:&quot;user[city]&quot;}
Command duration or timeout: 37.53 seconds
For documentation on this error, please visit: http://seleniumhq.org/exceptions/no_such_element.html
Build info: version: &apos;2.32.0&apos;, revision: &apos;6c40c18&apos;, time: &apos;2013-04-09 17:22:56&apos;
System info: os.name: &apos;Windows XP&apos;, os.arch: &apos;x86&apos;, os.version: &apos;5.1&apos;, java.version: &apos;1.6.0&apos;
Session ID: 1531d91d-0706-4c79-99a3-408962ae82a7
Driver info: org.openqa.selenium.firefox.FirefoxDriver
Capabilities [{platform=XP, acceptSslCerts=true, javascriptEnabled=true, browserName=firefox, rotatable=false, locationContextEnabled=true, version=21.0, cssSelectorsEnabled=true, databaseEnabled=true, handlesAlerts=true, browserConnectionEnabled=true, nativeEvents=true, webStorageEnabled=true, applicationCacheEnabled=true, takesScreenshot=true}]
	at java.lang.reflect.Constructor.newInstance(Constructor.java:513)
	at org.openqa.selenium.remote.ErrorHandler.createThrowable(ErrorHandler.java:187)
	at org.openqa.selenium.remote.ErrorHandler.throwIfResponseFailed(ErrorHandler.java:145)
	at org.openqa.selenium.remote.RemoteWebDriver.execute(RemoteWebDriver.java:554)
	at org.openqa.selenium.remote.RemoteWebDriver.findElement(RemoteWebDriver.java:307)
	at org.openqa.selenium.remote.RemoteWebDriver.findElementByName(RemoteWebDriver.java:380)
	at org.openqa.selenium.By$ByName.findElement(By.java:292)
	at org.openqa.selenium.remote.RemoteWebDriver.findElement(RemoteWebDriver.java:299)
	at UserManagement.ProfileManagement.RegisteredUserTestCasesForEditProfileDetails.ValidateCityField.EditXidioCityInProfileManagement.testEditXidioCityInProfileManagement(EditXidioCityInProfileManagement.java:26)
Caused by: org.openqa.selenium.remote.ErrorHandler$UnknownServerException: Unable to locate element: {&quot;method&quot;:&quot;name&quot;,&quot;selector&quot;:&quot;user[city]&quot;}
Build info: version: &apos;2.32.0&apos;, revision: &apos;6c40c18&apos;, time: &apos;2013-04-09 17:22:56&apos;
System info: os.name: &apos;Windows XP&apos;, os.arch: &apos;x86&apos;, os.version: &apos;5.1&apos;, java.version: &apos;1.6.0&apos;
Driver info: driver.version: unknown
	at &lt;anonymous class&gt;.FirefoxDriver.prototype.findElementInternal_(file:///C:/DOCUME~1/HARSHI~1.GOW/LOCALS~1/Temp/anonymous38543webdriver-profile/extensions/fxdriver@googlecode.com/components/driver_component.js:8405)
	at &lt;anonymous class&gt;.fxdriver.Timer.prototype.setTimeout/&lt;.notify(file:///C:/DOCUME~1/HARSHI~1.GOW/LOCALS~1/Temp/anonymous38543webdriver-profile/extensions/fxdriver@googlecode.com/components/driver_component.js:386)
</error>

      </testcase>

      <testcase classname="UserManagement.ProfileManagement.RegisteredUserTestCasesForEditProfileDetails.ValidateStateField.EditXidioStateInProfileManagement" name="testEditXidioStateInProfileManagement" time="179.192">
          <error message="Unable to locate element: {&quot;method&quot;:&quot;name&quot;,&quot;selector&quot;:&quot;user[state]&quot;} Command duration or timeout: 36.87 seconds For documentation on this error, please visit: http://seleniumhq.org/exceptions/no_such_element.html Build info: version: &apos;2.32.0&apos;, revision: &apos;6c40c18&apos;, time: &apos;2013-04-09 17:22:56&apos; System info: os.name: &apos;Windows XP&apos;, os.arch: &apos;x86&apos;, os.version: &apos;5.1&apos;, java.version: &apos;1.6.0&apos; Session ID: fdfa690f-af7f-4897-864d-8da1991fca2c Driver info: org.openqa.selenium.firefox.FirefoxDriver Capabilities [{platform=XP, acceptSslCerts=true, javascriptEnabled=true, browserName=firefox, rotatable=false, locationContextEnabled=true, version=21.0, cssSelectorsEnabled=true, databaseEnabled=true, handlesAlerts=true, browserConnectionEnabled=true, nativeEvents=true, webStorageEnabled=true, applicationCacheEnabled=true, takesScreenshot=true}]" type="org.openqa.selenium.NoSuchElementException">org.openqa.selenium.NoSuchElementException: Unable to locate element: {&quot;method&quot;:&quot;name&quot;,&quot;selector&quot;:&quot;user[state]&quot;}
Command duration or timeout: 36.87 seconds
For documentation on this error, please visit: http://seleniumhq.org/exceptions/no_such_element.html
Build info: version: &apos;2.32.0&apos;, revision: &apos;6c40c18&apos;, time: &apos;2013-04-09 17:22:56&apos;
System info: os.name: &apos;Windows XP&apos;, os.arch: &apos;x86&apos;, os.version: &apos;5.1&apos;, java.version: &apos;1.6.0&apos;
Session ID: fdfa690f-af7f-4897-864d-8da1991fca2c
Driver info: org.openqa.selenium.firefox.FirefoxDriver
Capabilities [{platform=XP, acceptSslCerts=true, javascriptEnabled=true, browserName=firefox, rotatable=false, locationContextEnabled=true, version=21.0, cssSelectorsEnabled=true, databaseEnabled=true, handlesAlerts=true, browserConnectionEnabled=true, nativeEvents=true, webStorageEnabled=true, applicationCacheEnabled=true, takesScreenshot=true}]
	at java.lang.reflect.Constructor.newInstance(Constructor.java:513)
	at org.openqa.selenium.remote.ErrorHandler.createThrowable(ErrorHandler.java:187)
	at org.openqa.selenium.remote.ErrorHandler.throwIfResponseFailed(ErrorHandler.java:145)
	at org.openqa.selenium.remote.RemoteWebDriver.execute(RemoteWebDriver.java:554)
	at org.openqa.selenium.remote.RemoteWebDriver.findElement(RemoteWebDriver.java:307)
	at org.openqa.selenium.remote.RemoteWebDriver.findElementByName(RemoteWebDriver.java:380)
	at org.openqa.selenium.By$ByName.findElement(By.java:292)
	at org.openqa.selenium.remote.RemoteWebDriver.findElement(RemoteWebDriver.java:299)
	at UserManagement.ProfileManagement.RegisteredUserTestCasesForEditProfileDetails.ValidateStateField.EditXidioStateInProfileManagement.testEditXidioStateInProfileManagement(EditXidioStateInProfileManagement.java:29)
Caused by: org.openqa.selenium.remote.ErrorHandler$UnknownServerException: Unable to locate element: {&quot;method&quot;:&quot;name&quot;,&quot;selector&quot;:&quot;user[state]&quot;}
Build info: version: &apos;2.32.0&apos;, revision: &apos;6c40c18&apos;, time: &apos;2013-04-09 17:22:56&apos;
System info: os.name: &apos;Windows XP&apos;, os.arch: &apos;x86&apos;, os.version: &apos;5.1&apos;, java.version: &apos;1.6.0&apos;
Driver info: driver.version: unknown
	at &lt;anonymous class&gt;.FirefoxDriver.prototype.findElementInternal_(file:///C:/DOCUME~1/HARSHI~1.GOW/LOCALS~1/Temp/anonymous38545webdriver-profile/extensions/fxdriver@googlecode.com/components/driver_component.js:8405)
	at &lt;anonymous class&gt;.fxdriver.Timer.prototype.setTimeout/&lt;.notify(file:///C:/DOCUME~1/HARSHI~1.GOW/LOCALS~1/Temp/anonymous38545webdriver-profile/extensions/fxdriver@googlecode.com/components/driver_component.js:386)
</error>

      </testcase>

      <testcase classname="UserManagement.ProfileManagement.RegisteredUserTestCasesForEditProfileDetails.ValidateZipField.EditXidioZipInProfileManagement" name="testEditXidioZipInProfileManagement" time="144.197">
          <failure type="junit.framework.AssertionFailedError">junit.framework.AssertionFailedError
	at UserManagement.ProfileManagement.RegisteredUserTestCasesForEditProfileDetails.ValidateZipField.EditXidioZipInProfileManagement.testEditXidioZipInProfileManagement(EditXidioZipInProfileManagement.java:27)
</failure>

      </testcase>

      <testcase classname="UserManagement.ProfileManagement.RegisteredUserTestCasesForEditProfileDetails.ValidateEmailField.EditXidioUserEmail" name="testEditXidioUserEmail" time="165.678">
          <error message="Unable to locate element: {&quot;method&quot;:&quot;name&quot;,&quot;selector&quot;:&quot;old_password&quot;} Command duration or timeout: 30.04 seconds For documentation on this error, please visit: http://seleniumhq.org/exceptions/no_such_element.html Build info: version: &apos;2.32.0&apos;, revision: &apos;6c40c18&apos;, time: &apos;2013-04-09 17:22:56&apos; System info: os.name: &apos;Windows XP&apos;, os.arch: &apos;x86&apos;, os.version: &apos;5.1&apos;, java.version: &apos;1.6.0&apos; Session ID: 66c77cb8-5cae-4d6e-9713-ddc7864b152b Driver info: org.openqa.selenium.firefox.FirefoxDriver Capabilities [{platform=XP, acceptSslCerts=true, javascriptEnabled=true, browserName=firefox, rotatable=false, locationContextEnabled=true, version=21.0, cssSelectorsEnabled=true, databaseEnabled=true, handlesAlerts=true, browserConnectionEnabled=true, nativeEvents=true, webStorageEnabled=true, applicationCacheEnabled=true, takesScreenshot=true}]" type="org.openqa.selenium.NoSuchElementException">org.openqa.selenium.NoSuchElementException: Unable to locate element: {&quot;method&quot;:&quot;name&quot;,&quot;selector&quot;:&quot;old_password&quot;}
Command duration or timeout: 30.04 seconds
For documentation on this error, please visit: http://seleniumhq.org/exceptions/no_such_element.html
Build info: version: &apos;2.32.0&apos;, revision: &apos;6c40c18&apos;, time: &apos;2013-04-09 17:22:56&apos;
System info: os.name: &apos;Windows XP&apos;, os.arch: &apos;x86&apos;, os.version: &apos;5.1&apos;, java.version: &apos;1.6.0&apos;
Session ID: 66c77cb8-5cae-4d6e-9713-ddc7864b152b
Driver info: org.openqa.selenium.firefox.FirefoxDriver
Capabilities [{platform=XP, acceptSslCerts=true, javascriptEnabled=true, browserName=firefox, rotatable=false, locationContextEnabled=true, version=21.0, cssSelectorsEnabled=true, databaseEnabled=true, handlesAlerts=true, browserConnectionEnabled=true, nativeEvents=true, webStorageEnabled=true, applicationCacheEnabled=true, takesScreenshot=true}]
	at java.lang.reflect.Constructor.newInstance(Constructor.java:513)
	at org.openqa.selenium.remote.ErrorHandler.createThrowable(ErrorHandler.java:187)
	at org.openqa.selenium.remote.ErrorHandler.throwIfResponseFailed(ErrorHandler.java:145)
	at org.openqa.selenium.remote.RemoteWebDriver.execute(RemoteWebDriver.java:554)
	at org.openqa.selenium.remote.RemoteWebDriver.findElement(RemoteWebDriver.java:307)
	at org.openqa.selenium.remote.RemoteWebDriver.findElementByName(RemoteWebDriver.java:380)
	at org.openqa.selenium.By$ByName.findElement(By.java:292)
	at org.openqa.selenium.remote.RemoteWebDriver.findElement(RemoteWebDriver.java:299)
	at Core.UserManagement.UserLoginFunctions.UserLoginFunctions.ChangePassword(UserLoginFunctions.java:24)
	at UserManagement.ProfileManagement.RegisteredUserTestCasesForEditProfileDetails.ValidateEmailField.EditXidioUserEmail.testEditXidioUserEmail(EditXidioUserEmail.java:28)
Caused by: org.openqa.selenium.remote.ErrorHandler$UnknownServerException: Unable to locate element: {&quot;method&quot;:&quot;name&quot;,&quot;selector&quot;:&quot;old_password&quot;}
Build info: version: &apos;2.32.0&apos;, revision: &apos;6c40c18&apos;, time: &apos;2013-04-09 17:22:56&apos;
System info: os.name: &apos;Windows XP&apos;, os.arch: &apos;x86&apos;, os.version: &apos;5.1&apos;, java.version: &apos;1.6.0&apos;
Driver info: driver.version: unknown
	at &lt;anonymous class&gt;.FirefoxDriver.prototype.findElementInternal_(file:///C:/DOCUME~1/HARSHI~1.GOW/LOCALS~1/Temp/anonymous38549webdriver-profile/extensions/fxdriver@googlecode.com/components/driver_component.js:8405)
	at &lt;anonymous class&gt;.fxdriver.Timer.prototype.setTimeout/&lt;.notify(file:///C:/DOCUME~1/HARSHI~1.GOW/LOCALS~1/Temp/anonymous38549webdriver-profile/extensions/fxdriver@googlecode.com/components/driver_component.js:386)
</error>

      </testcase>

      <testcase classname="UserManagement.ProfileManagement.RegisteredUserTestCasesForEditProfileDetails.ValidateMobileNumberField.ExitXidioUserMobileNumber" name="testEditXidioUserEmail" time="163.629">
          <error message="Unable to locate element: {&quot;method&quot;:&quot;name&quot;,&quot;selector&quot;:&quot;old_password&quot;} Command duration or timeout: 30.03 seconds For documentation on this error, please visit: http://seleniumhq.org/exceptions/no_such_element.html Build info: version: &apos;2.32.0&apos;, revision: &apos;6c40c18&apos;, time: &apos;2013-04-09 17:22:56&apos; System info: os.name: &apos;Windows XP&apos;, os.arch: &apos;x86&apos;, os.version: &apos;5.1&apos;, java.version: &apos;1.6.0&apos; Session ID: 633bf7af-67ea-4ddb-807f-411e9cd8f22b Driver info: org.openqa.selenium.firefox.FirefoxDriver Capabilities [{platform=XP, acceptSslCerts=true, javascriptEnabled=true, browserName=firefox, rotatable=false, locationContextEnabled=true, version=21.0, cssSelectorsEnabled=true, databaseEnabled=true, handlesAlerts=true, browserConnectionEnabled=true, nativeEvents=true, webStorageEnabled=true, applicationCacheEnabled=true, takesScreenshot=true}]" type="org.openqa.selenium.NoSuchElementException">org.openqa.selenium.NoSuchElementException: Unable to locate element: {&quot;method&quot;:&quot;name&quot;,&quot;selector&quot;:&quot;old_password&quot;}
Command duration or timeout: 30.03 seconds
For documentation on this error, please visit: http://seleniumhq.org/exceptions/no_such_element.html
Build info: version: &apos;2.32.0&apos;, revision: &apos;6c40c18&apos;, time: &apos;2013-04-09 17:22:56&apos;
System info: os.name: &apos;Windows XP&apos;, os.arch: &apos;x86&apos;, os.version: &apos;5.1&apos;, java.version: &apos;1.6.0&apos;
Session ID: 633bf7af-67ea-4ddb-807f-411e9cd8f22b
Driver info: org.openqa.selenium.firefox.FirefoxDriver
Capabilities [{platform=XP, acceptSslCerts=true, javascriptEnabled=true, browserName=firefox, rotatable=false, locationContextEnabled=true, version=21.0, cssSelectorsEnabled=true, databaseEnabled=true, handlesAlerts=true, browserConnectionEnabled=true, nativeEvents=true, webStorageEnabled=true, applicationCacheEnabled=true, takesScreenshot=true}]
	at java.lang.reflect.Constructor.newInstance(Constructor.java:513)
	at org.openqa.selenium.remote.ErrorHandler.createThrowable(ErrorHandler.java:187)
	at org.openqa.selenium.remote.ErrorHandler.throwIfResponseFailed(ErrorHandler.java:145)
	at org.openqa.selenium.remote.RemoteWebDriver.execute(RemoteWebDriver.java:554)
	at org.openqa.selenium.remote.RemoteWebDriver.findElement(RemoteWebDriver.java:307)
	at org.openqa.selenium.remote.RemoteWebDriver.findElementByName(RemoteWebDriver.java:380)
	at org.openqa.selenium.By$ByName.findElement(By.java:292)
	at org.openqa.selenium.remote.RemoteWebDriver.findElement(RemoteWebDriver.java:299)
	at Core.UserManagement.UserLoginFunctions.UserLoginFunctions.ChangePassword(UserLoginFunctions.java:24)
	at UserManagement.ProfileManagement.RegisteredUserTestCasesForEditProfileDetails.ValidateMobileNumberField.ExitXidioUserMobileNumber.testEditXidioUserEmail(ExitXidioUserMobileNumber.java:25)
Caused by: org.openqa.selenium.remote.ErrorHandler$UnknownServerException: Unable to locate element: {&quot;method&quot;:&quot;name&quot;,&quot;selector&quot;:&quot;old_password&quot;}
Build info: version: &apos;2.32.0&apos;, revision: &apos;6c40c18&apos;, time: &apos;2013-04-09 17:22:56&apos;
System info: os.name: &apos;Windows XP&apos;, os.arch: &apos;x86&apos;, os.version: &apos;5.1&apos;, java.version: &apos;1.6.0&apos;
Driver info: driver.version: unknown
	at &lt;anonymous class&gt;.FirefoxDriver.prototype.findElementInternal_(file:///C:/DOCUME~1/HARSHI~1.GOW/LOCALS~1/Temp/anonymous38551webdriver-profile/extensions/fxdriver@googlecode.com/components/driver_component.js:8405)
	at &lt;anonymous class&gt;.fxdriver.Timer.prototype.setTimeout/&lt;.notify(file:///C:/DOCUME~1/HARSHI~1.GOW/LOCALS~1/Temp/anonymous38551webdriver-profile/extensions/fxdriver@googlecode.com/components/driver_component.js:386)
</error>

      </testcase>

      <testcase classname="UserManagement.ProfileManagement.RegisteredUserTestCasesForEditProfileDetails.ValidateFirstNameField.ValidateFirstNameFieldByDeletingValue" name="testValidateUserNameFieldByDeletingValueInPM" time="169.833">
          <error message="Unable to locate element: {&quot;method&quot;:&quot;name&quot;,&quot;selector&quot;:&quot;old_password&quot;} Command duration or timeout: 30.10 seconds For documentation on this error, please visit: http://seleniumhq.org/exceptions/no_such_element.html Build info: version: &apos;2.32.0&apos;, revision: &apos;6c40c18&apos;, time: &apos;2013-04-09 17:22:56&apos; System info: os.name: &apos;Windows XP&apos;, os.arch: &apos;x86&apos;, os.version: &apos;5.1&apos;, java.version: &apos;1.6.0&apos; Session ID: f0f83eef-173e-4248-b7bb-66f263aa6dea Driver info: org.openqa.selenium.firefox.FirefoxDriver Capabilities [{platform=XP, acceptSslCerts=true, javascriptEnabled=true, browserName=firefox, rotatable=false, locationContextEnabled=true, version=21.0, cssSelectorsEnabled=true, databaseEnabled=true, handlesAlerts=true, browserConnectionEnabled=true, nativeEvents=true, webStorageEnabled=true, applicationCacheEnabled=true, takesScreenshot=true}]" type="org.openqa.selenium.NoSuchElementException">org.openqa.selenium.NoSuchElementException: Unable to locate element: {&quot;method&quot;:&quot;name&quot;,&quot;selector&quot;:&quot;old_password&quot;}
Command duration or timeout: 30.10 seconds
For documentation on this error, please visit: http://seleniumhq.org/exceptions/no_such_element.html
Build info: version: &apos;2.32.0&apos;, revision: &apos;6c40c18&apos;, time: &apos;2013-04-09 17:22:56&apos;
System info: os.name: &apos;Windows XP&apos;, os.arch: &apos;x86&apos;, os.version: &apos;5.1&apos;, java.version: &apos;1.6.0&apos;
Session ID: f0f83eef-173e-4248-b7bb-66f263aa6dea
Driver info: org.openqa.selenium.firefox.FirefoxDriver
Capabilities [{platform=XP, acceptSslCerts=true, javascriptEnabled=true, browserName=firefox, rotatable=false, locationContextEnabled=true, version=21.0, cssSelectorsEnabled=true, databaseEnabled=true, handlesAlerts=true, browserConnectionEnabled=true, nativeEvents=true, webStorageEnabled=true, applicationCacheEnabled=true, takesScreenshot=true}]
	at java.lang.reflect.Constructor.newInstance(Constructor.java:513)
	at org.openqa.selenium.remote.ErrorHandler.createThrowable(ErrorHandler.java:187)
	at org.openqa.selenium.remote.ErrorHandler.throwIfResponseFailed(ErrorHandler.java:145)
	at org.openqa.selenium.remote.RemoteWebDriver.execute(RemoteWebDriver.java:554)
	at org.openqa.selenium.remote.RemoteWebDriver.findElement(RemoteWebDriver.java:307)
	at org.openqa.selenium.remote.RemoteWebDriver.findElementByName(RemoteWebDriver.java:380)
	at org.openqa.selenium.By$ByName.findElement(By.java:292)
	at org.openqa.selenium.remote.RemoteWebDriver.findElement(RemoteWebDriver.java:299)
	at Core.UserManagement.UserLoginFunctions.UserLoginFunctions.ChangePassword(UserLoginFunctions.java:24)
	at UserManagement.ProfileManagement.RegisteredUserTestCasesForEditProfileDetails.ValidateFirstNameField.ValidateFirstNameFieldByDeletingValue.testValidateUserNameFieldByDeletingValueInPM(ValidateFirstNameFieldByDeletingValue.java:27)
Caused by: org.openqa.selenium.remote.ErrorHandler$UnknownServerException: Unable to locate element: {&quot;method&quot;:&quot;name&quot;,&quot;selector&quot;:&quot;old_password&quot;}
Build info: version: &apos;2.32.0&apos;, revision: &apos;6c40c18&apos;, time: &apos;2013-04-09 17:22:56&apos;
System info: os.name: &apos;Windows XP&apos;, os.arch: &apos;x86&apos;, os.version: &apos;5.1&apos;, java.version: &apos;1.6.0&apos;
Driver info: driver.version: unknown
	at &lt;anonymous class&gt;.FirefoxDriver.prototype.findElementInternal_(file:///C:/DOCUME~1/HARSHI~1.GOW/LOCALS~1/Temp/anonymous38553webdriver-profile/extensions/fxdriver@googlecode.com/components/driver_component.js:8405)
	at &lt;anonymous class&gt;.fxdriver.Timer.prototype.setTimeout/&lt;.notify(file:///C:/DOCUME~1/HARSHI~1.GOW/LOCALS~1/Temp/anonymous38553webdriver-profile/extensions/fxdriver@googlecode.com/components/driver_component.js:386)
</error>

      </testcase>

      <testcase classname="UserManagement.ProfileManagement.RegisteredUserTestCasesForEditProfileDetails.ValidateLastNameField.ValidateLastNameFieldByDeletingValue" name="testValidateUserNameFieldByDeletingValueInPM" time="162.643">
          <error message="Unable to locate element: {&quot;method&quot;:&quot;name&quot;,&quot;selector&quot;:&quot;old_password&quot;} Command duration or timeout: 30.08 seconds For documentation on this error, please visit: http://seleniumhq.org/exceptions/no_such_element.html Build info: version: &apos;2.32.0&apos;, revision: &apos;6c40c18&apos;, time: &apos;2013-04-09 17:22:56&apos; System info: os.name: &apos;Windows XP&apos;, os.arch: &apos;x86&apos;, os.version: &apos;5.1&apos;, java.version: &apos;1.6.0&apos; Session ID: 820636d3-4573-4888-8f52-bce11dd9092c Driver info: org.openqa.selenium.firefox.FirefoxDriver Capabilities [{platform=XP, acceptSslCerts=true, javascriptEnabled=true, browserName=firefox, rotatable=false, locationContextEnabled=true, version=21.0, cssSelectorsEnabled=true, databaseEnabled=true, handlesAlerts=true, browserConnectionEnabled=true, nativeEvents=true, webStorageEnabled=true, applicationCacheEnabled=true, takesScreenshot=true}]" type="org.openqa.selenium.NoSuchElementException">org.openqa.selenium.NoSuchElementException: Unable to locate element: {&quot;method&quot;:&quot;name&quot;,&quot;selector&quot;:&quot;old_password&quot;}
Command duration or timeout: 30.08 seconds
For documentation on this error, please visit: http://seleniumhq.org/exceptions/no_such_element.html
Build info: version: &apos;2.32.0&apos;, revision: &apos;6c40c18&apos;, time: &apos;2013-04-09 17:22:56&apos;
System info: os.name: &apos;Windows XP&apos;, os.arch: &apos;x86&apos;, os.version: &apos;5.1&apos;, java.version: &apos;1.6.0&apos;
Session ID: 820636d3-4573-4888-8f52-bce11dd9092c
Driver info: org.openqa.selenium.firefox.FirefoxDriver
Capabilities [{platform=XP, acceptSslCerts=true, javascriptEnabled=true, browserName=firefox, rotatable=false, locationContextEnabled=true, version=21.0, cssSelectorsEnabled=true, databaseEnabled=true, handlesAlerts=true, browserConnectionEnabled=true, nativeEvents=true, webStorageEnabled=true, applicationCacheEnabled=true, takesScreenshot=true}]
	at java.lang.reflect.Constructor.newInstance(Constructor.java:513)
	at org.openqa.selenium.remote.ErrorHandler.createThrowable(ErrorHandler.java:187)
	at org.openqa.selenium.remote.ErrorHandler.throwIfResponseFailed(ErrorHandler.java:145)
	at org.openqa.selenium.remote.RemoteWebDriver.execute(RemoteWebDriver.java:554)
	at org.openqa.selenium.remote.RemoteWebDriver.findElement(RemoteWebDriver.java:307)
	at org.openqa.selenium.remote.RemoteWebDriver.findElementByName(RemoteWebDriver.java:380)
	at org.openqa.selenium.By$ByName.findElement(By.java:292)
	at org.openqa.selenium.remote.RemoteWebDriver.findElement(RemoteWebDriver.java:299)
	at Core.UserManagement.UserLoginFunctions.UserLoginFunctions.ChangePassword(UserLoginFunctions.java:24)
	at UserManagement.ProfileManagement.RegisteredUserTestCasesForEditProfileDetails.ValidateLastNameField.ValidateLastNameFieldByDeletingValue.testValidateUserNameFieldByDeletingValueInPM(ValidateLastNameFieldByDeletingValue.java:24)
Caused by: org.openqa.selenium.remote.ErrorHandler$UnknownServerException: Unable to locate element: {&quot;method&quot;:&quot;name&quot;,&quot;selector&quot;:&quot;old_password&quot;}
Build info: version: &apos;2.32.0&apos;, revision: &apos;6c40c18&apos;, time: &apos;2013-04-09 17:22:56&apos;
System info: os.name: &apos;Windows XP&apos;, os.arch: &apos;x86&apos;, os.version: &apos;5.1&apos;, java.version: &apos;1.6.0&apos;
Driver info: driver.version: unknown
	at &lt;anonymous class&gt;.FirefoxDriver.prototype.findElementInternal_(file:///C:/DOCUME~1/HARSHI~1.GOW/LOCALS~1/Temp/anonymous38555webdriver-profile/extensions/fxdriver@googlecode.com/components/driver_component.js:8405)
	at &lt;anonymous class&gt;.fxdriver.Timer.prototype.setTimeout/&lt;.notify(file:///C:/DOCUME~1/HARSHI~1.GOW/LOCALS~1/Temp/anonymous38555webdriver-profile/extensions/fxdriver@googlecode.com/components/driver_component.js:386)
</error>

      </testcase>

      <testcase classname="UserManagement.ProfileManagement.RegisteredUserTestCasesForEditProfileDetails.ValidateAddressField.ValidateAddressFieldByDeletingValue" name="testValidateUserNameFieldByDeletingValueInPM" time="169.344">
          <error message="Unable to locate element: {&quot;method&quot;:&quot;name&quot;,&quot;selector&quot;:&quot;old_password&quot;} Command duration or timeout: 30.08 seconds For documentation on this error, please visit: http://seleniumhq.org/exceptions/no_such_element.html Build info: version: &apos;2.32.0&apos;, revision: &apos;6c40c18&apos;, time: &apos;2013-04-09 17:22:56&apos; System info: os.name: &apos;Windows XP&apos;, os.arch: &apos;x86&apos;, os.version: &apos;5.1&apos;, java.version: &apos;1.6.0&apos; Session ID: 35283326-5116-45b4-86ca-8ffcaade8a72 Driver info: org.openqa.selenium.firefox.FirefoxDriver Capabilities [{platform=XP, acceptSslCerts=true, javascriptEnabled=true, browserName=firefox, rotatable=false, locationContextEnabled=true, version=21.0, cssSelectorsEnabled=true, databaseEnabled=true, handlesAlerts=true, browserConnectionEnabled=true, nativeEvents=true, webStorageEnabled=true, applicationCacheEnabled=true, takesScreenshot=true}]" type="org.openqa.selenium.NoSuchElementException">org.openqa.selenium.NoSuchElementException: Unable to locate element: {&quot;method&quot;:&quot;name&quot;,&quot;selector&quot;:&quot;old_password&quot;}
Command duration or timeout: 30.08 seconds
For documentation on this error, please visit: http://seleniumhq.org/exceptions/no_such_element.html
Build info: version: &apos;2.32.0&apos;, revision: &apos;6c40c18&apos;, time: &apos;2013-04-09 17:22:56&apos;
System info: os.name: &apos;Windows XP&apos;, os.arch: &apos;x86&apos;, os.version: &apos;5.1&apos;, java.version: &apos;1.6.0&apos;
Session ID: 35283326-5116-45b4-86ca-8ffcaade8a72
Driver info: org.openqa.selenium.firefox.FirefoxDriver
Capabilities [{platform=XP, acceptSslCerts=true, javascriptEnabled=true, browserName=firefox, rotatable=false, locationContextEnabled=true, version=21.0, cssSelectorsEnabled=true, databaseEnabled=true, handlesAlerts=true, browserConnectionEnabled=true, nativeEvents=true, webStorageEnabled=true, applicationCacheEnabled=true, takesScreenshot=true}]
	at java.lang.reflect.Constructor.newInstance(Constructor.java:513)
	at org.openqa.selenium.remote.ErrorHandler.createThrowable(ErrorHandler.java:187)
	at org.openqa.selenium.remote.ErrorHandler.throwIfResponseFailed(ErrorHandler.java:145)
	at org.openqa.selenium.remote.RemoteWebDriver.execute(RemoteWebDriver.java:554)
	at org.openqa.selenium.remote.RemoteWebDriver.findElement(RemoteWebDriver.java:307)
	at org.openqa.selenium.remote.RemoteWebDriver.findElementByName(RemoteWebDriver.java:380)
	at org.openqa.selenium.By$ByName.findElement(By.java:292)
	at org.openqa.selenium.remote.RemoteWebDriver.findElement(RemoteWebDriver.java:299)
	at Core.UserManagement.UserLoginFunctions.UserLoginFunctions.ChangePassword(UserLoginFunctions.java:24)
	at UserManagement.ProfileManagement.RegisteredUserTestCasesForEditProfileDetails.ValidateAddressField.ValidateAddressFieldByDeletingValue.testValidateUserNameFieldByDeletingValueInPM(ValidateAddressFieldByDeletingValue.java:24)
Caused by: org.openqa.selenium.remote.ErrorHandler$UnknownServerException: Unable to locate element: {&quot;method&quot;:&quot;name&quot;,&quot;selector&quot;:&quot;old_password&quot;}
Build info: version: &apos;2.32.0&apos;, revision: &apos;6c40c18&apos;, time: &apos;2013-04-09 17:22:56&apos;
System info: os.name: &apos;Windows XP&apos;, os.arch: &apos;x86&apos;, os.version: &apos;5.1&apos;, java.version: &apos;1.6.0&apos;
Driver info: driver.version: unknown
	at &lt;anonymous class&gt;.FirefoxDriver.prototype.findElementInternal_(file:///C:/DOCUME~1/HARSHI~1.GOW/LOCALS~1/Temp/anonymous38557webdriver-profile/extensions/fxdriver@googlecode.com/components/driver_component.js:8405)
	at &lt;anonymous class&gt;.fxdriver.Timer.prototype.setTimeout/&lt;.notify(file:///C:/DOCUME~1/HARSHI~1.GOW/LOCALS~1/Temp/anonymous38557webdriver-profile/extensions/fxdriver@googlecode.com/components/driver_component.js:386)
</error>

      </testcase>

      <testcase classname="UserManagement.ProfileManagement.RegisteredUserTestCasesForEditProfileDetails.ValidateCityField.ValidateCityFieldByDeletingValue" name="testValidateUserNameFieldByDeletingValueInPM" time="163.003">
          <error message="Unable to locate element: {&quot;method&quot;:&quot;name&quot;,&quot;selector&quot;:&quot;old_password&quot;} Command duration or timeout: 30.12 seconds For documentation on this error, please visit: http://seleniumhq.org/exceptions/no_such_element.html Build info: version: &apos;2.32.0&apos;, revision: &apos;6c40c18&apos;, time: &apos;2013-04-09 17:22:56&apos; System info: os.name: &apos;Windows XP&apos;, os.arch: &apos;x86&apos;, os.version: &apos;5.1&apos;, java.version: &apos;1.6.0&apos; Session ID: abfd692a-6278-45fa-9eeb-156e09aa6996 Driver info: org.openqa.selenium.firefox.FirefoxDriver Capabilities [{platform=XP, acceptSslCerts=true, javascriptEnabled=true, browserName=firefox, rotatable=false, locationContextEnabled=true, version=21.0, cssSelectorsEnabled=true, databaseEnabled=true, handlesAlerts=true, browserConnectionEnabled=true, nativeEvents=true, webStorageEnabled=true, applicationCacheEnabled=true, takesScreenshot=true}]" type="org.openqa.selenium.NoSuchElementException">org.openqa.selenium.NoSuchElementException: Unable to locate element: {&quot;method&quot;:&quot;name&quot;,&quot;selector&quot;:&quot;old_password&quot;}
Command duration or timeout: 30.12 seconds
For documentation on this error, please visit: http://seleniumhq.org/exceptions/no_such_element.html
Build info: version: &apos;2.32.0&apos;, revision: &apos;6c40c18&apos;, time: &apos;2013-04-09 17:22:56&apos;
System info: os.name: &apos;Windows XP&apos;, os.arch: &apos;x86&apos;, os.version: &apos;5.1&apos;, java.version: &apos;1.6.0&apos;
Session ID: abfd692a-6278-45fa-9eeb-156e09aa6996
Driver info: org.openqa.selenium.firefox.FirefoxDriver
Capabilities [{platform=XP, acceptSslCerts=true, javascriptEnabled=true, browserName=firefox, rotatable=false, locationContextEnabled=true, version=21.0, cssSelectorsEnabled=true, databaseEnabled=true, handlesAlerts=true, browserConnectionEnabled=true, nativeEvents=true, webStorageEnabled=true, applicationCacheEnabled=true, takesScreenshot=true}]
	at java.lang.reflect.Constructor.newInstance(Constructor.java:513)
	at org.openqa.selenium.remote.ErrorHandler.createThrowable(ErrorHandler.java:187)
	at org.openqa.selenium.remote.ErrorHandler.throwIfResponseFailed(ErrorHandler.java:145)
	at org.openqa.selenium.remote.RemoteWebDriver.execute(RemoteWebDriver.java:554)
	at org.openqa.selenium.remote.RemoteWebDriver.findElement(RemoteWebDriver.java:307)
	at org.openqa.selenium.remote.RemoteWebDriver.findElementByName(RemoteWebDriver.java:380)
	at org.openqa.selenium.By$ByName.findElement(By.java:292)
	at org.openqa.selenium.remote.RemoteWebDriver.findElement(RemoteWebDriver.java:299)
	at Core.UserManagement.UserLoginFunctions.UserLoginFunctions.ChangePassword(UserLoginFunctions.java:24)
	at UserManagement.ProfileManagement.RegisteredUserTestCasesForEditProfileDetails.ValidateCityField.ValidateCityFieldByDeletingValue.testValidateUserNameFieldByDeletingValueInPM(ValidateCityFieldByDeletingValue.java:24)
Caused by: org.openqa.selenium.remote.ErrorHandler$UnknownServerException: Unable to locate element: {&quot;method&quot;:&quot;name&quot;,&quot;selector&quot;:&quot;old_password&quot;}
Build info: version: &apos;2.32.0&apos;, revision: &apos;6c40c18&apos;, time: &apos;2013-04-09 17:22:56&apos;
System info: os.name: &apos;Windows XP&apos;, os.arch: &apos;x86&apos;, os.version: &apos;5.1&apos;, java.version: &apos;1.6.0&apos;
Driver info: driver.version: unknown
	at &lt;anonymous class&gt;.FirefoxDriver.prototype.findElementInternal_(file:///C:/DOCUME~1/HARSHI~1.GOW/LOCALS~1/Temp/anonymous38559webdriver-profile/extensions/fxdriver@googlecode.com/components/driver_component.js:8405)
	at &lt;anonymous class&gt;.fxdriver.Timer.prototype.setTimeout/&lt;.notify(file:///C:/DOCUME~1/HARSHI~1.GOW/LOCALS~1/Temp/anonymous38559webdriver-profile/extensions/fxdriver@googlecode.com/components/driver_component.js:386)
</error>

      </testcase>

      <testcase classname="UserManagement.ProfileManagement.RegisteredUserTestCasesForEditProfileDetails.ValidateZipField.ValidateZipFieldByDeletingValue" name="testValidateUserNameFieldByDeletingValueInPM" time="161.724">
          <error message="Unable to locate element: {&quot;method&quot;:&quot;name&quot;,&quot;selector&quot;:&quot;old_password&quot;} Command duration or timeout: 30.12 seconds For documentation on this error, please visit: http://seleniumhq.org/exceptions/no_such_element.html Build info: version: &apos;2.32.0&apos;, revision: &apos;6c40c18&apos;, time: &apos;2013-04-09 17:22:56&apos; System info: os.name: &apos;Windows XP&apos;, os.arch: &apos;x86&apos;, os.version: &apos;5.1&apos;, java.version: &apos;1.6.0&apos; Session ID: fd887df1-06ed-413e-a89c-4fb98c6f4405 Driver info: org.openqa.selenium.firefox.FirefoxDriver Capabilities [{platform=XP, acceptSslCerts=true, javascriptEnabled=true, browserName=firefox, rotatable=false, locationContextEnabled=true, version=21.0, cssSelectorsEnabled=true, databaseEnabled=true, handlesAlerts=true, browserConnectionEnabled=true, nativeEvents=true, webStorageEnabled=true, applicationCacheEnabled=true, takesScreenshot=true}]" type="org.openqa.selenium.NoSuchElementException">org.openqa.selenium.NoSuchElementException: Unable to locate element: {&quot;method&quot;:&quot;name&quot;,&quot;selector&quot;:&quot;old_password&quot;}
Command duration or timeout: 30.12 seconds
For documentation on this error, please visit: http://seleniumhq.org/exceptions/no_such_element.html
Build info: version: &apos;2.32.0&apos;, revision: &apos;6c40c18&apos;, time: &apos;2013-04-09 17:22:56&apos;
System info: os.name: &apos;Windows XP&apos;, os.arch: &apos;x86&apos;, os.version: &apos;5.1&apos;, java.version: &apos;1.6.0&apos;
Session ID: fd887df1-06ed-413e-a89c-4fb98c6f4405
Driver info: org.openqa.selenium.firefox.FirefoxDriver
Capabilities [{platform=XP, acceptSslCerts=true, javascriptEnabled=true, browserName=firefox, rotatable=false, locationContextEnabled=true, version=21.0, cssSelectorsEnabled=true, databaseEnabled=true, handlesAlerts=true, browserConnectionEnabled=true, nativeEvents=true, webStorageEnabled=true, applicationCacheEnabled=true, takesScreenshot=true}]
	at java.lang.reflect.Constructor.newInstance(Constructor.java:513)
	at org.openqa.selenium.remote.ErrorHandler.createThrowable(ErrorHandler.java:187)
	at org.openqa.selenium.remote.ErrorHandler.throwIfResponseFailed(ErrorHandler.java:145)
	at org.openqa.selenium.remote.RemoteWebDriver.execute(RemoteWebDriver.java:554)
	at org.openqa.selenium.remote.RemoteWebDriver.findElement(RemoteWebDriver.java:307)
	at org.openqa.selenium.remote.RemoteWebDriver.findElementByName(RemoteWebDriver.java:380)
	at org.openqa.selenium.By$ByName.findElement(By.java:292)
	at org.openqa.selenium.remote.RemoteWebDriver.findElement(RemoteWebDriver.java:299)
	at Core.UserManagement.UserLoginFunctions.UserLoginFunctions.ChangePassword(UserLoginFunctions.java:24)
	at UserManagement.ProfileManagement.RegisteredUserTestCasesForEditProfileDetails.ValidateZipField.ValidateZipFieldByDeletingValue.testValidateUserNameFieldByDeletingValueInPM(ValidateZipFieldByDeletingValue.java:24)
Caused by: org.openqa.selenium.remote.ErrorHandler$UnknownServerException: Unable to locate element: {&quot;method&quot;:&quot;name&quot;,&quot;selector&quot;:&quot;old_password&quot;}
Build info: version: &apos;2.32.0&apos;, revision: &apos;6c40c18&apos;, time: &apos;2013-04-09 17:22:56&apos;
System info: os.name: &apos;Windows XP&apos;, os.arch: &apos;x86&apos;, os.version: &apos;5.1&apos;, java.version: &apos;1.6.0&apos;
Driver info: driver.version: unknown
	at &lt;anonymous class&gt;.FirefoxDriver.prototype.findElementInternal_(file:///C:/DOCUME~1/HARSHI~1.GOW/LOCALS~1/Temp/anonymous38561webdriver-profile/extensions/fxdriver@googlecode.com/components/driver_component.js:8405)
	at &lt;anonymous class&gt;.fxdriver.Timer.prototype.setTimeout/&lt;.notify(file:///C:/DOCUME~1/HARSHI~1.GOW/LOCALS~1/Temp/anonymous38561webdriver-profile/extensions/fxdriver@googlecode.com/components/driver_component.js:386)
</error>

      </testcase>

      <testcase classname="UserManagement.ProfileManagement.RegisteredUserTestCasesForEditProfileDetails.ValidateZipField.ValidateZipFieldByEnteringCharactersValue" name="testValidateUserNameFieldByDeletingValueInPM" time="161.515">
          <error message="Unable to locate element: {&quot;method&quot;:&quot;name&quot;,&quot;selector&quot;:&quot;old_password&quot;} Command duration or timeout: 30.09 seconds For documentation on this error, please visit: http://seleniumhq.org/exceptions/no_such_element.html Build info: version: &apos;2.32.0&apos;, revision: &apos;6c40c18&apos;, time: &apos;2013-04-09 17:22:56&apos; System info: os.name: &apos;Windows XP&apos;, os.arch: &apos;x86&apos;, os.version: &apos;5.1&apos;, java.version: &apos;1.6.0&apos; Session ID: b0d9cdd3-826e-4b40-81cf-784674478067 Driver info: org.openqa.selenium.firefox.FirefoxDriver Capabilities [{platform=XP, acceptSslCerts=true, javascriptEnabled=true, browserName=firefox, rotatable=false, locationContextEnabled=true, version=21.0, cssSelectorsEnabled=true, databaseEnabled=true, handlesAlerts=true, browserConnectionEnabled=true, nativeEvents=true, webStorageEnabled=true, applicationCacheEnabled=true, takesScreenshot=true}]" type="org.openqa.selenium.NoSuchElementException">org.openqa.selenium.NoSuchElementException: Unable to locate element: {&quot;method&quot;:&quot;name&quot;,&quot;selector&quot;:&quot;old_password&quot;}
Command duration or timeout: 30.09 seconds
For documentation on this error, please visit: http://seleniumhq.org/exceptions/no_such_element.html
Build info: version: &apos;2.32.0&apos;, revision: &apos;6c40c18&apos;, time: &apos;2013-04-09 17:22:56&apos;
System info: os.name: &apos;Windows XP&apos;, os.arch: &apos;x86&apos;, os.version: &apos;5.1&apos;, java.version: &apos;1.6.0&apos;
Session ID: b0d9cdd3-826e-4b40-81cf-784674478067
Driver info: org.openqa.selenium.firefox.FirefoxDriver
Capabilities [{platform=XP, acceptSslCerts=true, javascriptEnabled=true, browserName=firefox, rotatable=false, locationContextEnabled=true, version=21.0, cssSelectorsEnabled=true, databaseEnabled=true, handlesAlerts=true, browserConnectionEnabled=true, nativeEvents=true, webStorageEnabled=true, applicationCacheEnabled=true, takesScreenshot=true}]
	at java.lang.reflect.Constructor.newInstance(Constructor.java:513)
	at org.openqa.selenium.remote.ErrorHandler.createThrowable(ErrorHandler.java:187)
	at org.openqa.selenium.remote.ErrorHandler.throwIfResponseFailed(ErrorHandler.java:145)
	at org.openqa.selenium.remote.RemoteWebDriver.execute(RemoteWebDriver.java:554)
	at org.openqa.selenium.remote.RemoteWebDriver.findElement(RemoteWebDriver.java:307)
	at org.openqa.selenium.remote.RemoteWebDriver.findElementByName(RemoteWebDriver.java:380)
	at org.openqa.selenium.By$ByName.findElement(By.java:292)
	at org.openqa.selenium.remote.RemoteWebDriver.findElement(RemoteWebDriver.java:299)
	at Core.UserManagement.UserLoginFunctions.UserLoginFunctions.ChangePassword(UserLoginFunctions.java:24)
	at UserManagement.ProfileManagement.RegisteredUserTestCasesForEditProfileDetails.ValidateZipField.ValidateZipFieldByEnteringCharactersValue.testValidateUserNameFieldByDeletingValueInPM(ValidateZipFieldByEnteringCharactersValue.java:24)
Caused by: org.openqa.selenium.remote.ErrorHandler$UnknownServerException: Unable to locate element: {&quot;method&quot;:&quot;name&quot;,&quot;selector&quot;:&quot;old_password&quot;}
Build info: version: &apos;2.32.0&apos;, revision: &apos;6c40c18&apos;, time: &apos;2013-04-09 17:22:56&apos;
System info: os.name: &apos;Windows XP&apos;, os.arch: &apos;x86&apos;, os.version: &apos;5.1&apos;, java.version: &apos;1.6.0&apos;
Driver info: driver.version: unknown
	at &lt;anonymous class&gt;.FirefoxDriver.prototype.findElementInternal_(file:///C:/DOCUME~1/HARSHI~1.GOW/LOCALS~1/Temp/anonymous38563webdriver-profile/extensions/fxdriver@googlecode.com/components/driver_component.js:8405)
	at &lt;anonymous class&gt;.fxdriver.Timer.prototype.setTimeout/&lt;.notify(file:///C:/DOCUME~1/HARSHI~1.GOW/LOCALS~1/Temp/anonymous38563webdriver-profile/extensions/fxdriver@googlecode.com/components/driver_component.js:386)
</error>

      </testcase>

      <testcase classname="UserManagement.ProfileManagement.RegisteredUserTestCasesForEditProfileDetails.ValidateZipField.ValidateZipFieldByEnteringInvalidZipLength" name="testValidateUserNameFieldByDeletingValueInPM" time="162.704">
          <error message="Unable to locate element: {&quot;method&quot;:&quot;name&quot;,&quot;selector&quot;:&quot;old_password&quot;} Command duration or timeout: 30.06 seconds For documentation on this error, please visit: http://seleniumhq.org/exceptions/no_such_element.html Build info: version: &apos;2.32.0&apos;, revision: &apos;6c40c18&apos;, time: &apos;2013-04-09 17:22:56&apos; System info: os.name: &apos;Windows XP&apos;, os.arch: &apos;x86&apos;, os.version: &apos;5.1&apos;, java.version: &apos;1.6.0&apos; Session ID: df1537b1-9cbe-4c99-ac04-539ab7ac74e6 Driver info: org.openqa.selenium.firefox.FirefoxDriver Capabilities [{platform=XP, acceptSslCerts=true, javascriptEnabled=true, browserName=firefox, rotatable=false, locationContextEnabled=true, version=21.0, cssSelectorsEnabled=true, databaseEnabled=true, handlesAlerts=true, browserConnectionEnabled=true, nativeEvents=true, webStorageEnabled=true, applicationCacheEnabled=true, takesScreenshot=true}]" type="org.openqa.selenium.NoSuchElementException">org.openqa.selenium.NoSuchElementException: Unable to locate element: {&quot;method&quot;:&quot;name&quot;,&quot;selector&quot;:&quot;old_password&quot;}
Command duration or timeout: 30.06 seconds
For documentation on this error, please visit: http://seleniumhq.org/exceptions/no_such_element.html
Build info: version: &apos;2.32.0&apos;, revision: &apos;6c40c18&apos;, time: &apos;2013-04-09 17:22:56&apos;
System info: os.name: &apos;Windows XP&apos;, os.arch: &apos;x86&apos;, os.version: &apos;5.1&apos;, java.version: &apos;1.6.0&apos;
Session ID: df1537b1-9cbe-4c99-ac04-539ab7ac74e6
Driver info: org.openqa.selenium.firefox.FirefoxDriver
Capabilities [{platform=XP, acceptSslCerts=true, javascriptEnabled=true, browserName=firefox, rotatable=false, locationContextEnabled=true, version=21.0, cssSelectorsEnabled=true, databaseEnabled=true, handlesAlerts=true, browserConnectionEnabled=true, nativeEvents=true, webStorageEnabled=true, applicationCacheEnabled=true, takesScreenshot=true}]
	at java.lang.reflect.Constructor.newInstance(Constructor.java:513)
	at org.openqa.selenium.remote.ErrorHandler.createThrowable(ErrorHandler.java:187)
	at org.openqa.selenium.remote.ErrorHandler.throwIfResponseFailed(ErrorHandler.java:145)
	at org.openqa.selenium.remote.RemoteWebDriver.execute(RemoteWebDriver.java:554)
	at org.openqa.selenium.remote.RemoteWebDriver.findElement(RemoteWebDriver.java:307)
	at org.openqa.selenium.remote.RemoteWebDriver.findElementByName(RemoteWebDriver.java:380)
	at org.openqa.selenium.By$ByName.findElement(By.java:292)
	at org.openqa.selenium.remote.RemoteWebDriver.findElement(RemoteWebDriver.java:299)
	at Core.UserManagement.UserLoginFunctions.UserLoginFunctions.ChangePassword(UserLoginFunctions.java:24)
	at UserManagement.ProfileManagement.RegisteredUserTestCasesForEditProfileDetails.ValidateZipField.ValidateZipFieldByEnteringInvalidZipLength.testValidateUserNameFieldByDeletingValueInPM(ValidateZipFieldByEnteringInvalidZipLength.java:24)
Caused by: org.openqa.selenium.remote.ErrorHandler$UnknownServerException: Unable to locate element: {&quot;method&quot;:&quot;name&quot;,&quot;selector&quot;:&quot;old_password&quot;}
Build info: version: &apos;2.32.0&apos;, revision: &apos;6c40c18&apos;, time: &apos;2013-04-09 17:22:56&apos;
System info: os.name: &apos;Windows XP&apos;, os.arch: &apos;x86&apos;, os.version: &apos;5.1&apos;, java.version: &apos;1.6.0&apos;
Driver info: driver.version: unknown
	at &lt;anonymous class&gt;.FirefoxDriver.prototype.findElementInternal_(file:///C:/DOCUME~1/HARSHI~1.GOW/LOCALS~1/Temp/anonymous38565webdriver-profile/extensions/fxdriver@googlecode.com/components/driver_component.js:8405)
	at &lt;anonymous class&gt;.fxdriver.Timer.prototype.setTimeout/&lt;.notify(file:///C:/DOCUME~1/HARSHI~1.GOW/LOCALS~1/Temp/anonymous38565webdriver-profile/extensions/fxdriver@googlecode.com/components/driver_component.js:386)
</error>

      </testcase>

      <testcase classname="UserManagement.ProfileManagement.RegisteredUserTestCasesForEditProfileDetails.ValidateEmailField.ValidateEmailFieldByDeletingValue" name="testValidateUserNameFieldByDeletingValueInPM" time="161.55">
[...]
	at org.openqa.selenium.remote.RemoteWebDriver.execute(RemoteWebDriver.java:554)
	at org.openqa.selenium.remote.RemoteWebDriver.findElement(RemoteWebDriver.java:307)
	at org.openqa.selenium.remote.RemoteWebDriver.findElementByLinkText(RemoteWebDriver.java:356)
	at org.openqa.selenium.By$ByLinkText.findElement(By.java:241)
	at org.openqa.selenium.remote.RemoteWebDriver.findElement(RemoteWebDriver.java:299)
	at VideoManagement.VideoSearchFunctionality.SearchVideoByCategory.VerifySelectedCategoryAndSubCategoryVideosAreDisplayed.testVerifySelectedCategoryAndSubCategoryVideosAreDisplayed(VerifySelectedCategoryAndSubCategoryVideosAreDisplayed.java:20)
Caused by: org.openqa.selenium.remote.ErrorHandler$UnknownServerException: Unable to locate element: {&quot;method&quot;:&quot;link text&quot;,&quot;selector&quot;:&quot;XIDIO&quot;}
Build info: version: &apos;2.32.0&apos;, revision: &apos;6c40c18&apos;, time: &apos;2013-04-09 17:22:56&apos;
System info: os.name: &apos;Windows XP&apos;, os.arch: &apos;x86&apos;, os.version: &apos;5.1&apos;, java.version: &apos;1.6.0&apos;
Driver info: driver.version: unknown
	at &lt;anonymous class&gt;.FirefoxDriver.prototype.findElementInternal_(file:///C:/DOCUME~1/HARSHI~1.GOW/LOCALS~1/Temp/anonymous38635webdriver-profile/extensions/fxdriver@googlecode.com/components/driver_component.js:8405)
	at &lt;anonymous class&gt;.fxdriver.Timer.prototype.setTimeout/&lt;.notify(file:///C:/DOCUME~1/HARSHI~1.GOW/LOCALS~1/Temp/anonymous38635webdriver-profile/extensions/fxdriver@googlecode.com/components/driver_component.js:386)
</error>

      </testcase>

      <testcase classname="VideoManagement.VideoSubscriptionManagement.PaidSubscriptionForVideo.VerifySubcriptionOfPaidVideo" name="testVerifySubcriptionOfPaidVideo" time="176.863">
          <error message="Unable to locate element: {&quot;method&quot;:&quot;name&quot;,&quot;selector&quot;:&quot;old_password&quot;} Command duration or timeout: 30.06 seconds For documentation on this error, please visit: http://seleniumhq.org/exceptions/no_such_element.html Build info: version: &apos;2.32.0&apos;, revision: &apos;6c40c18&apos;, time: &apos;2013-04-09 17:22:56&apos; System info: os.name: &apos;Windows XP&apos;, os.arch: &apos;x86&apos;, os.version: &apos;5.1&apos;, java.version: &apos;1.6.0&apos; Session ID: 0584aa55-6cae-4e71-ba51-9282d84358e1 Driver info: org.openqa.selenium.firefox.FirefoxDriver Capabilities [{platform=XP, acceptSslCerts=true, javascriptEnabled=true, browserName=firefox, rotatable=false, locationContextEnabled=true, version=21.0, cssSelectorsEnabled=true, databaseEnabled=true, handlesAlerts=true, browserConnectionEnabled=true, nativeEvents=true, webStorageEnabled=true, applicationCacheEnabled=true, takesScreenshot=true}]" type="org.openqa.selenium.NoSuchElementException">org.openqa.selenium.NoSuchElementException: Unable to locate element: {&quot;method&quot;:&quot;name&quot;,&quot;selector&quot;:&quot;old_password&quot;}
Command duration or timeout: 30.06 seconds
For documentation on this error, please visit: http://seleniumhq.org/exceptions/no_such_element.html
Build info: version: &apos;2.32.0&apos;, revision: &apos;6c40c18&apos;, time: &apos;2013-04-09 17:22:56&apos;
System info: os.name: &apos;Windows XP&apos;, os.arch: &apos;x86&apos;, os.version: &apos;5.1&apos;, java.version: &apos;1.6.0&apos;
Session ID: 0584aa55-6cae-4e71-ba51-9282d84358e1
Driver info: org.openqa.selenium.firefox.FirefoxDriver
Capabilities [{platform=XP, acceptSslCerts=true, javascriptEnabled=true, browserName=firefox, rotatable=false, locationContextEnabled=true, version=21.0, cssSelectorsEnabled=true, databaseEnabled=true, handlesAlerts=true, browserConnectionEnabled=true, nativeEvents=true, webStorageEnabled=true, applicationCacheEnabled=true, takesScreenshot=true}]
	at java.lang.reflect.Constructor.newInstance(Constructor.java:513)
	at org.openqa.selenium.remote.ErrorHandler.createThrowable(ErrorHandler.java:187)
	at org.openqa.selenium.remote.ErrorHandler.throwIfResponseFailed(ErrorHandler.java:145)
	at org.openqa.selenium.remote.RemoteWebDriver.execute(RemoteWebDriver.java:554)
	at org.openqa.selenium.remote.RemoteWebDriver.findElement(RemoteWebDriver.java:307)
	at org.openqa.selenium.remote.RemoteWebDriver.findElementByName(RemoteWebDriver.java:380)
	at org.openqa.selenium.By$ByName.findElement(By.java:292)
	at org.openqa.selenium.remote.RemoteWebDriver.findElement(RemoteWebDriver.java:299)
	at Core.UserManagement.UserLoginFunctions.UserLoginFunctions.ChangePassword(UserLoginFunctions.java:24)
	at VideoManagement.VideoSubscriptionManagement.PaidSubscriptionForVideo.VerifySubcriptionOfPaidVideo.testVerifySubcriptionOfPaidVideo(VerifySubcriptionOfPaidVideo.java:25)
Caused by: org.openqa.selenium.remote.ErrorHandler$UnknownServerException: Unable to locate element: {&quot;method&quot;:&quot;name&quot;,&quot;selector&quot;:&quot;old_password&quot;}
Build info: version: &apos;2.32.0&apos;, revision: &apos;6c40c18&apos;, time: &apos;2013-04-09 17:22:56&apos;
System info: os.name: &apos;Windows XP&apos;, os.arch: &apos;x86&apos;, os.version: &apos;5.1&apos;, java.version: &apos;1.6.0&apos;
Driver info: driver.version: unknown
	at &lt;anonymous class&gt;.FirefoxDriver.prototype.findElementInternal_(file:///C:/DOCUME~1/HARSHI~1.GOW/LOCALS~1/Temp/anonymous38637webdriver-profile/extensions/fxdriver@googlecode.com/components/driver_component.js:8405)
	at &lt;anonymous class&gt;.fxdriver.Timer.prototype.setTimeout/&lt;.notify(file:///C:/DOCUME~1/HARSHI~1.GOW/LOCALS~1/Temp/anonymous38637webdriver-profile/extensions/fxdriver@googlecode.com/components/driver_component.js:386)
</error>

      </testcase>

      <system-out><![CDATA[ : Xidio120613084443@test.com : 9988960179
 : Xidio120613084454@test.com : 9992708655
 : Xidio120613084454@test.com : Xidio120613084517@test.com : 9987347992
 : Xidio120613084517@test.com : Xidio120613084712@test.com : 9984003707
 : Xidio120613084722@test.com : 9985973214
 : Xidio120613084722@test.com : Xidio120613084746@test.com : 9990259648
 : Xidio120613084746@test.com : Xidio120613084915@test.com : 9990780855
 : Xidio120613084926@test.com : 9983809941
 : Xidio120613084926@test.com : Xidio120613085103@test.com : 9984214276
 : Xidio120613085113@test.com : 9986970973
 : Xidio120613085113@test.com : Xidio120613085137@test.com : 9998524495
 : Xidio120613085137@test.com : Xidio120613085252@test.com : 9991899625
 : Xidio120613085303@test.com : 9980689855
 : Xidio120613085303@test.com : Xidio120613085436@test.com : 9992499901
 : Xidio120613085436@test.com : Xidio120613085547@test.com : 9995588848
 : Xidio120613085558@test.com : 9989044591
 : Xidio120613085558@test.com : Xidio120613085654@test.com : 9996407731
 : Xidio120613085705@test.com : 9995227799
 : Xidio120613085705@test.com : Xidio120613085801@test.com : 9988215534
 : Xidio120613085812@test.com : 9981893293
 : Xidio120613085812@test.com : Xidio120613085905@test.com : 9985570617
 : Xidio120613085916@test.com : 9989606775
 : Xidio120613085916@test.com : Xidio120613090009@test.com : 9983647620
 : Xidio120613090020@test.com : 9995305187
 : Xidio120613090020@test.com : 9994579691
 : Xidio120613090124@test.com : 9995600669
 : Xidio120613090124@test.com : 9985996277
 : Xidio120613090228@test.com : 9982426326
 : Xidio120613090228@test.com : Xidio120613090322@test.com : 9998211218
 : Xidio120613090333@test.com : 9998304159
 : Xidio120613090333@test.com : Xidio120613090426@test.com : 9986024752
 : Xidio120613090436@test.com : 9995454523
 : Xidio120613090436@test.com : Xidio120613090532@test.com : Xidio120613090542@test.com : 9982309120
 : Xidio120613090542@test.com : Xidio120613090633@test.com : Xidio120613090644@test.com : 9987871013
 : Xidio120613090644@test.com : Xidio120613090738@test.com : 9994652243
 : Xidio120613090748@test.com : 9993810620
 : Xidio120613090748@test.com : Xidio120613090840@test.com : 9982930087
 : Xidio120613090850@test.com : 9995549757
 : Xidio120613090850@test.com : Xidio120613090944@test.com : 9991410571
 : Xidio120613090955@test.com : 9997557156
 : Xidio120613090955@test.com : Xidio120613091048@test.com : 9987636115
 : Xidio120613091059@test.com : 9987243825
 : Xidio120613091059@test.com : Xidio120613091156@test.com : 9996023777
 : Xidio120613091207@test.com : 9983320673
 : Xidio120613091207@test.com : Xidio120613091230@test.com : 9995337829
 : Xidio120613091230@test.com : Xidio120613091338@test.com : 9981670370
 : Xidio120613091349@test.com : 9993892420
 : Xidio120613091349@test.com : Xidio120613091448@test.com : 9984717462
 : Xidio120613091459@test.com : 9990562119
 : Xidio120613091459@test.com : Xidio120613091525@test.com : 9998241781
 : Xidio120613091525@test.com : Xidio120613091632@test.com : 9989190768
 : Xidio120613091643@test.com : 9992379824
 : Xidio120613091643@test.com : Xidio120613091709@test.com : 9980598247
 : Xidio120613091709@test.com : Xidio120613091816@test.com : 9990689712
 : Xidio120613091826@test.com : 9990615474
 : Xidio120613091826@test.com : Xidio120613091852@test.com : 9999439821
 : Xidio120613091852@test.com : Xidio120613091949@test.com : 9986274852
 : Xidio120613092000@test.com : 9993504602
 : Xidio120613092000@test.com : Xidio120613092024@test.com : 9988703638
 : Xidio120613092024@test.com : Xidio120613092131@test.com : 9994445331
 : Xidio120613092142@test.com : 9999995397
 : Xidio120613092142@test.com : Xidio120613092205@test.com : 9996837684
 : Xidio120613092205@test.com : Xidio120613092316@test.com : 9988635084
 : Xidio120613092316@test.com : Xidio120613092358@test.com : 9983669100
 : Xidio120613092408@test.com : 9984485185
 : Xidio120613092408@test.com : Xidio120613092519@test.com : 9991522494
 : Xidio120613092529@test.com : 9999015680
 : Xidio120613092529@test.com : Xidio120613092552@test.com : 9980021880
 : Xidio120613092552@test.com : Xidio120613092727@test.com : 9980844746
 : Xidio120613092737@test.com : 9991895322
 : Xidio120613092737@test.com : Xidio120613092802@test.com : 9985868191
 : Xidio120613092802@test.com : Xidio120613093022@test.com : 9988152457
 : Xidio120613093033@test.com : 9990803135
 : Xidio120613093033@test.com : Xidio120613093056@test.com : 9987069600
 : Xidio120613093056@test.com : Xidio120613093556@test.com : 9998096794
 : Xidio120613093607@test.com : 9997831084
 : Xidio120613093607@test.com : Xidio120613093630@test.com : 9999081438
 : Xidio120613093630@test.com : Xidio120613093903@test.com : 9993103390
 : Xidio120613093914@test.com : 9991881195
 : Xidio120613093914@test.com : Xidio120613093937@test.com : 9989680304
 : Xidio120613093937@test.com : Xidio120613094146@test.com : 9985128111
 : Xidio120613094156@test.com : 9998172277
 : Xidio120613094156@test.com : Xidio120613094219@test.com : 9991998657
 : Xidio120613094219@test.com : Xidio120613094446@test.com : 9999793598
 : Xidio120613094457@test.com : 9992895900
 : Xidio120613094457@test.com : Xidio120613094520@test.com : 9996217707
 : Xidio120613094520@test.com : Xidio120613094750@test.com : 9980456658
 : Xidio120613094801@test.com : 9989981829
 : Xidio120613094801@test.com : Xidio120613094825@test.com : 9996992584
 : Xidio120613094825@test.com : Xidio120613095049@test.com : 9995593643
 : Xidio120613095059@test.com : 9994347655
 : Xidio120613095059@test.com : Xidio120613095123@test.com : 9991582203
 : Xidio120613095123@test.com : Xidio120613095316@test.com : 9986328294
 : Xidio120613095327@test.com : 9998299883
 : Xidio120613095327@test.com : Xidio120613095350@test.com : 9995687604
 : Xidio120613095350@test.com : Xidio120613095559@test.com : 9984175895
 : Xidio120613095609@test.com : 9985557648
 : Xidio120613095609@test.com : Xidio120613095633@test.com : 9989000399
 : Xidio120613095633@test.com : Xidio120613095843@test.com : 9999423896
 : Xidio120613095853@test.com : 9996058901
 : Xidio120613095853@test.com : Xidio120613095916@test.com : 9991269319
 : Xidio120613095916@test.com : Xidio120613100134@test.com : 9997121510
 : Xidio120613100145@test.com : 9989870088
 : Xidio120613100145@test.com : Xidio120613100208@test.com : 9984718958
 : Xidio120613100208@test.com : Xidio120613100423@test.com : 9995803281
 : Xidio120613100434@test.com : 9988646627
 : Xidio120613100434@test.com : Xidio120613100457@test.com : 9992047182
 : Xidio120613100457@test.com : Xidio120613100705@test.com : 9996324395
 : Xidio120613100716@test.com : 9994829158
 : Xidio120613100716@test.com : Xidio120613100739@test.com : 9991847320
 : Xidio120613100739@test.com : Xidio120613100948@test.com : 9982346702
 : Xidio120613100959@test.com : 9987117291
 : Xidio120613100959@test.com : Xidio120613101022@test.com : 9981970867
 : Xidio120613101022@test.com : Xidio120613101230@test.com : 9983931029
 : Xidio120613101241@test.com : 9994037364
 : Xidio120613101241@test.com : Xidio120613101304@test.com : 9990183856
 : Xidio120613101304@test.com : Xidio120613101512@test.com : 9993910777
 : Xidio120613101522@test.com : 9999321790
 : Xidio120613101522@test.com : Xidio120613101546@test.com : 9998272541
 : Xidio120613101546@test.com : Xidio120613101754@test.com : 9996610735
 : Xidio120613101805@test.com : 9995620928
 : Xidio120613101805@test.com : Xidio120613101828@test.com : 9999756036
 : Xidio120613101828@test.com : Xidio120613102036@test.com : 9996718309
 : Xidio120613102046@test.com : 9982284439
 : Xidio120613102046@test.com : Xidio120613102109@test.com : 9984314958
 : Xidio120613102109@test.com : Xidio120613102320@test.com : 9989396792
 : Xidio120613102330@test.com : 9993997351
 : Xidio120613102330@test.com : Xidio120613102353@test.com : 9980721616
 : Xidio120613102353@test.com : Xidio120613102601@test.com : 9980503029
 : Xidio120613102611@test.com : 9987832624
 : Xidio120613102611@test.com : Xidio120613102634@test.com : 9992647261
 : Xidio120613102634@test.com : Xidio120613102842@test.com : 9988003961
 : Xidio120613102852@test.com : 9997179334
 : Xidio120613102852@test.com : Xidio120613102915@test.com : 9990250428
 : Xidio120613102915@test.com : Xidio120613103123@test.com : 9995248967
 : Xidio120613103134@test.com : 9988274353
 : Xidio120613103134@test.com : Xidio120613103157@test.com : 9995264998
 : Xidio120613103157@test.com : Xidio120613103412@test.com : 9985901620
 : Xidio120613103423@test.com : 9991898065
 : Xidio120613103423@test.com : Xidio120613103446@test.com : 9991469221
 : Xidio120613103446@test.com : Xidio120613103710@test.com : 9991033079
 : Xidio120613103720@test.com : 9982346542
 : Xidio120613103720@test.com : Xidio120613103743@test.com : 9995409825
 : Xidio120613103743@test.com : Xidio120613104006@test.com : 9987724752
 : Xidio120613104017@test.com : 9996542987
 : Xidio120613104017@test.com : Xidio120613104040@test.com : 9981809180
 : Xidio120613104040@test.comUserManagement.ProfileManagement.RegisteredUserTestCasesForChangePaymentInfo.ValidateChangePaymentInfoMandatoryFields
ValidateChangePaymentInfoMandatoryFields
UserManagement.ProfileManagement.RegisteredUserTestCasesForChangePaymentInfo.ValidateChangePaymentInfoMandatoryFields
 : Xidio120613104258@test.com : 9996066017
 : Xidio120613104308@test.com : 9987627707
 : Xidio120613104308@test.com : Xidio120613104332@test.com : 9994818283
 : Xidio120613104332@test.comUserManagement.ProfileManagement.RegisteredUserTestCasesForChangePaymentInfo.ValidateChangePaymentInfoDetailsUpdatedSuccessfully
ValidateChangePaymentInfoDetailsUpdatedSuccessfully
UserManagement.ProfileManagement.RegisteredUserTestCasesForChangePaymentInfo.ValidateChangePaymentInfoDetailsUpdatedSuccessfully
 : Xidio120613104546@test.com : 9998552601
 : Xidio120613104557@test.com : 9993069929
 : Xidio120613104557@test.com : Xidio120613104620@test.com : 9985437606
 : Xidio120613104620@test.com : Xidio120613104828@test.com : 9988658869
 : Xidio120613104838@test.com : 9980238634
 : Xidio120613104838@test.com : Xidio120613104902@test.com : 9999870128
 : Xidio120613104902@test.com : Xidio120613105116@test.com : 9993409951
 : Xidio120613105127@test.com : 9996258065
 : Xidio120613105127@test.com : Xidio120613105150@test.com : 9984128954
 : Xidio120613105150@test.com : Xidio120613105403@test.com : 9986900487
 : Xidio120613105414@test.com : 9987543813
 : Xidio120613105414@test.com : Xidio120613105438@test.com : 9997505710
 : Xidio120613105438@test.com : Xidio120613105652@test.com : 9985382599
 : Xidio120613105702@test.com : 9981824844
 : Xidio120613105702@test.com : Xidio120613105725@test.com : 9988215584
 : Xidio120613105725@test.com : Xidio120613105939@test.com : 9986676873
 : Xidio120613105950@test.com : 9994966318
 : Xidio120613105950@test.com : Xidio120613110013@test.com : 9986239323
 : Xidio120613110013@test.com : Xidio120613110220@test.com : 9997470576
 : Xidio120613110231@test.com : 9986339078
 : Xidio120613110231@test.com : Xidio120613110254@test.com : 9988464479
 : Xidio120613110254@test.com : Xidio120613110509@test.com : 9999781150
 : Xidio120613110519@test.com : 9997515185
 : Xidio120613110519@test.com : Xidio120613110543@test.com : 9981023324
 : Xidio120613110543@test.com : Xidio120613110757@test.com : 9987935969
 : Xidio120613110808@test.com : 9998361164
 : Xidio120613110808@test.com : Xidio120613110831@test.com : 9981417903
 : Xidio120613110831@test.com : Xidio120613111045@test.com : 9991197345
 : Xidio120613111055@test.com : 9988814947
 : Xidio120613111055@test.com : Xidio120613111119@test.com : 9983720575
 : Xidio120613111119@test.com : Xidio120613111329@test.com : 9986551849
 : Xidio120613111339@test.com : 9987523506
 : Xidio120613111339@test.com : Xidio120613111402@test.com : 9998990010
 : Xidio120613111402@test.com : Xidio120613111613@test.com : 9987859797
 : Xidio120613111623@test.com : 9991737497
 : Xidio120613111623@test.com : Xidio120613111647@test.com : 9997546967
 : Xidio120613111647@test.com : Xidio120613111901@test.com : 9995112831
 : Xidio120613111912@test.com : 9997112913
 : Xidio120613111912@test.com : Xidio120613111935@test.com : 9982788254
 : Xidio120613111935@test.com : Xidio120613112152@test.com : 9995814057
 : Xidio120613112202@test.com : 9987214686
 : Xidio120613112202@test.com : Xidio120613112226@test.com : 9999406932
 : Xidio120613112226@test.com : Xidio120613112322@test.com : 9984960161
 : Xidio120613112322@test.com : Xidio120613112454@test.com : 9994995979
 : Xidio120613112504@test.com : 9989599982
 : Xidio120613112504@test.com : Xidio120613112527@test.com : 9997422585
 : Xidio120613112527@test.com : Xidio120613113059@test.com : 9989579613
 : Xidio120613113109@test.com : 9984382551
 : Xidio120613113109@test.com : Xidio120613113133@test.com : 9991623196
 : Xidio120613113133@test.com : Xidio120613113326@test.com : 9983217690
 : Xidio120613113337@test.com : 9990418647
 : Xidio120613113337@test.com : Xidio120613113401@test.com : 9993919009
 : Xidio120613113401@test.com : Xidio120613113615@test.com : 9995535408
 : Xidio120613113625@test.com : 9983114654
 : Xidio120613113625@test.com : Xidio120613113649@test.com : 9995016644
 : Xidio120613113649@test.com : Xidio120613114007@test.com : 9986364299
 : Xidio120613114018@test.com : 9983282742
 : Xidio120613114018@test.com : Xidio120613114041@test.com : 9990139167
 : Xidio120613114041@test.com]]></system-out>

      <system-err><![CDATA[Jun 12, 2013 9:29:15 AM org.openqa.selenium.os.UnixProcess$SeleniumWatchDog destroyHarder
INFO: Command failed to close cleanly. Destroying forcefully (v2). org.openqa.selenium.os.UnixProcess$SeleniumWatchDog@2f996f
]]></system-err>

  </testsuite>
  <testsuite errors="0" failures="0" hostname="BLRWKS0111" id="1" name="runDemoTestSuite" package="SuiteRunner" tests="1" time="104.609" timestamp="2013-06-10T14:34:03">
      <properties>
[...]
</properties>

      <testcase classname="UserManagement.UserRegistration.RegisterToXidioApplicationUsingValidCredentials" name="testUserRegistration" time="104.328" />

      <system-out><![CDATA[Xidio100613080433@test.com9995248263
Xidio100613080444@test.com9997205205
Xidio100613080444@test.comEmail : Xidio100613075424@test.com
Mobile  No: 9990785010
]]></system-out>

      <system-err />

  </testsuite>
</testsuites>
